-------------------------------------------------------------------------------
Test set: com.instahipsta.webappTest.service.UtilServiceTest
-------------------------------------------------------------------------------
Tests run: 15, Failures: 1, Errors: 0, Skipped: 0, Time elapsed: 0.805 s <<< FAILURE! - in com.instahipsta.webappTest.service.UtilServiceTest
percentCounter(com.instahipsta.webappTest.service.UtilServiceTest)  Time elapsed: 0 s  <<< FAILURE!
java.lang.AssertionError: expected:<93.3> but was:<93.33333333333334>
	at com.instahipsta.webappTest.service.UtilServiceTest.percentCounter(UtilServiceTest.java:166)

