<?xml version="1.0" encoding="UTF-8"?>
<testsuite xmlns:xsi="http://www.w3.org/2001/XMLSchema-instance" xsi:noNamespaceSchemaLocation="https://maven.apache.org/surefire/maven-surefire-plugin/xsd/surefire-test-report.xsd" name="com.instahipsta.webappTest.controller.CourseControllerTest" time="28.418" tests="24" errors="0" skipped="0" failures="0">
  <properties>
[...]
</properties>
  <testcase name="changeScheduleWithAdminAuthWithoutPrStatAndScoreTest" classname="com.instahipsta.webappTest.controller.CourseControllerTest" time="0.923"/>
  <testcase name="courseListWithUserAuthTest" classname="com.instahipsta.webappTest.controller.CourseControllerTest" time="0.431"/>
  <testcase name="deleteCourseWithAdminAuthTest" classname="com.instahipsta.webappTest.controller.CourseControllerTest" time="0.23"/>
  <testcase name="deleteUserFromCourseWithoutAuthTest" classname="com.instahipsta.webappTest.controller.CourseControllerTest" time="0.11"/>
  <testcase name="addNewCourseWithAuthUserAllParamTest" classname="com.instahipsta.webappTest.controller.CourseControllerTest" time="0.029"/>
  <testcase name="addUserWithAdminAuthWithUserIdTest" classname="com.instahipsta.webappTest.controller.CourseControllerTest" time="0.286"/>
  <testcase name="changeScheduleWithoutAuthTest" classname="com.instahipsta.webappTest.controller.CourseControllerTest" time="0.198"/>
  <testcase name="courseListWithAdminAuthTest" classname="com.instahipsta.webappTest.controller.CourseControllerTest" time="0.083"/>
  <testcase name="addNewCourseWithAuthAdminWithoutImageAndDescriptionTest" classname="com.instahipsta.webappTest.controller.CourseControllerTest" time="0.12"/>
  <testcase name="deleteUserFromCourseWithAdminAuthTest" classname="com.instahipsta.webappTest.controller.CourseControllerTest" time="0.508"/>
  <testcase name="changeScheduleWithAdminAuthAllParamTest" classname="com.instahipsta.webappTest.controller.CourseControllerTest" time="0.181"/>
  <testcase name="changeScheduleWithUserAuthTest" classname="com.instahipsta.webappTest.controller.CourseControllerTest" time="0.144"/>
  <testcase name="addUserWithAdminAuthWithUserNameTest" classname="com.instahipsta.webappTest.controller.CourseControllerTest" time="0.214"/>
  <testcase name="deleteUserFromCourseWithUserAuthTest" classname="com.instahipsta.webappTest.controller.CourseControllerTest" time="0.121"/>
  <testcase name="deleteCourseWithoutAuth" classname="com.instahipsta.webappTest.controller.CourseControllerTest" time="0.209"/>
  <testcase name="deleteCourseWithUserAuth" classname="com.instahipsta.webappTest.controller.CourseControllerTest" time="0.15"/>
  <testcase name="addNewCourseWithoutAuthAllParamTest" classname="com.instahipsta.webappTest.controller.CourseControllerTest" time="0.014"/>
  <testcase name="getCourseWithoutAuthTest" classname="com.instahipsta.webappTest.controller.CourseControllerTest" time="0.211"/>
  <testcase name="addUserWithUserAuthTest" classname="com.instahipsta.webappTest.controller.CourseControllerTest" time="0.141"/>
  <testcase name="getCourseWithAdminAuthTest" classname="com.instahipsta.webappTest.controller.CourseControllerTest" time="0.327"/>
  <testcase name="getCourseListWithoutAuthTest" classname="com.instahipsta.webappTest.controller.CourseControllerTest" time="0.041"/>
  <testcase name="addUserWithoutAuthTest" classname="com.instahipsta.webappTest.controller.CourseControllerTest" time="0.146"/>
  <testcase name="addNewCourseWithAuthAdminAllParamTest" classname="com.instahipsta.webappTest.controller.CourseControllerTest" time="0.121"/>
  <testcase name="getCourseWithUserAuthTest" classname="com.instahipsta.webappTest.controller.CourseControllerTest" time="0.199"/>
</testsuite>