<?xml version="1.0" encoding="UTF-8"?>
<testsuite xmlns:xsi="http://www.w3.org/2001/XMLSchema-instance" xsi:noNamespaceSchemaLocation="https://maven.apache.org/surefire/maven-surefire-plugin/xsd/surefire-test-report.xsd" name="com.instahipsta.webappTest.service.UserServiceTest" time="2.037" tests="30" errors="2" skipped="0" failures="1">
  <properties>
[...]
</properties>
  <testcase name="isEmailAlreadyUse" classname="com.instahipsta.webappTest.service.UserServiceTest" time="0.008">
    <failure type="java.lang.AssertionError">java.lang.AssertionError
	at com.instahipsta.webappTest.service.UserServiceTest.isEmailAlreadyUse(UserServiceTest.java:82)
</failure>
    <system-out><![CDATA[2019-11-22 22:58:44.455  INFO 11516 --- [           main] .b.t.c.SpringBootTestContextBootstrapper : Neither @ContextConfiguration nor @ContextHierarchy found for test class [com.instahipsta.webappTest.service.UserServiceTest], using SpringBootContextLoader
2019-11-22 22:58:44.455  INFO 11516 --- [           main] o.s.t.c.support.AbstractContextLoader    : Could not detect default resource locations for test class [com.instahipsta.webappTest.service.UserServiceTest]: no resource found for suffixes {-context.xml, Context.groovy}.
2019-11-22 22:58:44.456  INFO 11516 --- [           main] t.c.s.AnnotationConfigContextLoaderUtils : Could not detect default configuration classes for test class [com.instahipsta.webappTest.service.UserServiceTest]: UserServiceTest does not declare any static, non-private, non-final, nested classes annotated with @Configuration.
2019-11-22 22:58:44.457  INFO 11516 --- [           main] .b.t.c.SpringBootTestContextBootstrapper : Found @SpringBootConfiguration com.instahipsta.webappTest.Application for test class com.instahipsta.webappTest.service.UserServiceTest
2019-11-22 22:58:44.458  INFO 11516 --- [           main] .b.t.c.SpringBootTestContextBootstrapper : Loaded default TestExecutionListener class names from location [META-INF/spring.factories]: [org.springframework.boot.test.mock.mockito.MockitoTestExecutionListener, org.springframework.boot.test.mock.mockito.ResetMocksTestExecutionListener, org.springframework.boot.test.autoconfigure.restdocs.RestDocsTestExecutionListener, org.springframework.boot.test.autoconfigure.web.client.MockRestServiceServerResetTestExecutionListener, org.springframework.boot.test.autoconfigure.web.servlet.MockMvcPrintOnlyOnFailureTestExecutionListener, org.springframework.boot.test.autoconfigure.web.servlet.WebDriverTestExecutionListener, org.springframework.test.context.web.ServletTestExecutionListener, org.springframework.test.context.support.DirtiesContextBeforeModesTestExecutionListener, org.springframework.test.context.support.DependencyInjectionTestExecutionListener, org.springframework.test.context.support.DirtiesContextTestExecutionListener, org.springframework.test.context.transaction.TransactionalTestExecutionListener, org.springframework.test.context.jdbc.SqlScriptsTestExecutionListener, org.springframework.security.test.context.support.WithSecurityContextTestExecutionListener, org.springframework.security.test.context.support.ReactorContextTestExecutionListener]
2019-11-22 22:58:44.459  INFO 11516 --- [           main] .b.t.c.SpringBootTestContextBootstrapper : Using TestExecutionListeners: [org.springframework.test.context.web.ServletTestExecutionListener@11c372e9, org.springframework.test.context.support.DirtiesContextBeforeModesTestExecutionListener@4b59a1c1, org.springframework.boot.test.mock.mockito.MockitoTestExecutionListener@73418044, org.springframework.boot.test.autoconfigure.SpringBootDependencyInjectionTestExecutionListener@58ec04f4, org.springframework.test.context.support.DirtiesContextTestExecutionListener@52b2713a, org.springframework.test.context.transaction.TransactionalTestExecutionListener@54e39504, org.springframework.test.context.jdbc.SqlScriptsTestExecutionListener@2bdf6c7c, org.springframework.security.test.context.support.WithSecurityContextTestExecutionListener@13ac1657, org.springframework.security.test.context.support.ReactorContextTestExecutionListener@52d68eb9, org.springframework.boot.test.mock.mockito.ResetMocksTestExecutionListener@1a557a52, org.springframework.boot.test.autoconfigure.restdocs.RestDocsTestExecutionListener@4ab959e8, org.springframework.boot.test.autoconfigure.web.client.MockRestServiceServerResetTestExecutionListener@39d4f046, org.springframework.boot.test.autoconfigure.web.servlet.MockMvcPrintOnlyOnFailureTestExecutionListener@5f910283, org.springframework.boot.test.autoconfigure.web.servlet.WebDriverTestExecutionListener@6e2764c9]
]]></system-out>
  </testcase>
  <testcase name="changeLastName" classname="com.instahipsta.webappTest.service.UserServiceTest" time="0.141"/>
  <testcase name="changeEmail" classname="com.instahipsta.webappTest.service.UserServiceTest" time="0.149"/>
  <testcase name="changePhone" classname="com.instahipsta.webappTest.service.UserServiceTest" time="0.139"/>
  <testcase name="delete" classname="com.instahipsta.webappTest.service.UserServiceTest" time="0.149"/>
  <testcase name="activateUser" classname="com.instahipsta.webappTest.service.UserServiceTest" time="0.185"/>
  <testcase name="addUser" classname="com.instahipsta.webappTest.service.UserServiceTest" time="0.047">
    <error message="could not execute statement; SQL [n/a]; constraint [usr_pkey]; nested exception is org.hibernate.exception.ConstraintViolationException: could not execute statement" type="org.springframework.dao.DataIntegrityViolationException">org.springframework.dao.DataIntegrityViolationException: could not execute statement; SQL [n/a]; constraint [usr_pkey]; nested exception is org.hibernate.exception.ConstraintViolationException: could not execute statement
	at com.instahipsta.webappTest.service.UserServiceTest.addUser(UserServiceTest.java:215)
Caused by: org.hibernate.exception.ConstraintViolationException: could not execute statement
	at com.instahipsta.webappTest.service.UserServiceTest.addUser(UserServiceTest.java:215)
Caused by: org.postgresql.util.PSQLException: 
ERROR: duplicate key value violates unique constraint "usr_pkey"
  Подробности: Key (id)=(2) already exists.
	at com.instahipsta.webappTest.service.UserServiceTest.addUser(UserServiceTest.java:215)
</error>
    <system-out><![CDATA[2019-11-22 22:58:45.280  WARN 11516 --- [           main] o.h.engine.jdbc.spi.SqlExceptionHelper   : SQL Error: 0, SQLState: 23505
2019-11-22 22:58:45.280 ERROR 11516 --- [           main] o.h.engine.jdbc.spi.SqlExceptionHelper   : ERROR: duplicate key value violates unique constraint "usr_pkey"
  Подробности: Key (id)=(2) already exists.
2019-11-22 22:58:45.282 ERROR 11516 --- [           main] o.h.i.ExceptionMapperStandardImpl        : HHH000346: Error during managed flush [org.hibernate.exception.ConstraintViolationException: could not execute statement]
]]></system-out>
  </testcase>
  <testcase name="findAll" classname="com.instahipsta.webappTest.service.UserServiceTest" time="0.018"/>
  <testcase name="getUserListFromStringWithIdsDoesntFind" classname="com.instahipsta.webappTest.service.UserServiceTest" time="0.012"/>
  <testcase name="getUserListFromStringWithNameThreeArg" classname="com.instahipsta.webappTest.service.UserServiceTest" time="0.008"/>
  <testcase name="findByLastNameAndFirstNameDoesntFind" classname="com.instahipsta.webappTest.service.UserServiceTest" time="0.009"/>
  <testcase name="loadUserByUsername" classname="com.instahipsta.webappTest.service.UserServiceTest" time="0.012"/>
  <testcase name="changeFirstName" classname="com.instahipsta.webappTest.service.UserServiceTest" time="0.168"/>
  <testcase name="findUserById" classname="com.instahipsta.webappTest.service.UserServiceTest" time="0.021"/>
  <testcase name="getUserListFromStringWithNameOneArg" classname="com.instahipsta.webappTest.service.UserServiceTest" time="0.007"/>
  <testcase name="getUserListFromStringWithIds" classname="com.instahipsta.webappTest.service.UserServiceTest" time="0.021"/>
  <testcase name="save" classname="com.instahipsta.webappTest.service.UserServiceTest" time="0.013">
    <error message="could not execute statement; SQL [n/a]; constraint [usr_pkey]; nested exception is org.hibernate.exception.ConstraintViolationException: could not execute statement" type="org.springframework.dao.DataIntegrityViolationException">org.springframework.dao.DataIntegrityViolationException: could not execute statement; SQL [n/a]; constraint [usr_pkey]; nested exception is org.hibernate.exception.ConstraintViolationException: could not execute statement
	at com.instahipsta.webappTest.service.UserServiceTest.save(UserServiceTest.java:127)
Caused by: org.hibernate.exception.ConstraintViolationException: could not execute statement
	at com.instahipsta.webappTest.service.UserServiceTest.save(UserServiceTest.java:127)
Caused by: org.postgresql.util.PSQLException: 
ERROR: duplicate key value violates unique constraint "usr_pkey"
  Подробности: Key (id)=(2) already exists.
	at com.instahipsta.webappTest.service.UserServiceTest.save(UserServiceTest.java:127)
</error>
    <system-out><![CDATA[2019-11-22 22:58:45.580  WARN 11516 --- [           main] o.h.engine.jdbc.spi.SqlExceptionHelper   : SQL Error: 0, SQLState: 23505
2019-11-22 22:58:45.581 ERROR 11516 --- [           main] o.h.engine.jdbc.spi.SqlExceptionHelper   : ERROR: duplicate key value violates unique constraint "usr_pkey"
  Подробности: Key (id)=(2) already exists.
2019-11-22 22:58:45.581 ERROR 11516 --- [           main] o.h.i.ExceptionMapperStandardImpl        : HHH000346: Error during managed flush [org.hibernate.exception.ConstraintViolationException: could not execute statement]
]]></system-out>
  </testcase>
  <testcase name="sendMessageWithActivationCode" classname="com.instahipsta.webappTest.service.UserServiceTest" time="0.097"/>
  <testcase name="findUsersByCourseId" classname="com.instahipsta.webappTest.service.UserServiceTest" time="0.098"/>
  <testcase name="findUsersSchedule" classname="com.instahipsta.webappTest.service.UserServiceTest" time="0.161"/>
  <testcase name="findUserByIdDoesntFind" classname="com.instahipsta.webappTest.service.UserServiceTest" time="0.012"/>
  <testcase name="getUserListFromStringWithIdsWrongArg" classname="com.instahipsta.webappTest.service.UserServiceTest" time="0.008"/>
  <testcase name="scoreConverterTest" classname="com.instahipsta.webappTest.service.UserServiceTest" time="0.009"/>
  <testcase name="changeSecondName" classname="com.instahipsta.webappTest.service.UserServiceTest" time="0.15"/>
  <testcase name="isEmailAlreadyUseDoesntFind" classname="com.instahipsta.webappTest.service.UserServiceTest" time="0.011"/>
  <testcase name="changePassword" classname="com.instahipsta.webappTest.service.UserServiceTest" time="0.172"/>
  <testcase name="findByLastNameAndFirstName" classname="com.instahipsta.webappTest.service.UserServiceTest" time="0.016"/>
  <testcase name="getUserListFromStringWithName" classname="com.instahipsta.webappTest.service.UserServiceTest" time="0.011"/>
  <testcase name="averageScoreTest" classname="com.instahipsta.webappTest.service.UserServiceTest" time="0.009"/>
  <testcase name="deleteUserFromCourse" classname="com.instahipsta.webappTest.service.UserServiceTest" time="0.141"/>
</testsuite>