<?xml version="1.0" encoding="UTF-8"?>
<testsuite xmlns:xsi="http://www.w3.org/2001/XMLSchema-instance" xsi:noNamespaceSchemaLocation="https://maven.apache.org/surefire/maven-surefire-plugin/xsd/surefire-test-report.xsd" name="com.instahipsta.webappTest.service.CourseServiceTest" time="137.975" tests="21" errors="21" skipped="0" failures="0">
  <properties>
[...]
</properties>
  <testcase name="addDataToModel" classname="com.instahipsta.webappTest.service.CourseServiceTest" time="0.002">
    <error message="Failed to load ApplicationContext" type="java.lang.IllegalStateException">java.lang.IllegalStateException: Failed to load ApplicationContext
Caused by: org.springframework.context.ApplicationContextException: Failed to start bean 'org.springframework.amqp.rabbit.config.internalRabbitListenerEndpointRegistry'; nested exception is org.springframework.amqp.AmqpIllegalStateException: Fatal exception on listener startup
Caused by: org.springframework.amqp.AmqpIllegalStateException: Fatal exception on listener startup
Caused by: org.springframework.amqp.rabbit.listener.exception.FatalListenerStartupException: Authentication failure
Caused by: org.springframework.amqp.AmqpAuthenticationException: com.rabbitmq.client.AuthenticationFailureException: ACCESS_REFUSED - Login was refused using authentication mechanism PLAIN. For details see the broker logfile.
Caused by: com.rabbitmq.client.AuthenticationFailureException: ACCESS_REFUSED - Login was refused using authentication mechanism PLAIN. For details see the broker logfile.
</error>
    <system-out><![CDATA[21:10:05.088 [main] DEBUG org.springframework.test.context.junit4.SpringJUnit4ClassRunner - SpringJUnit4ClassRunner constructor called with [class com.instahipsta.webappTest.service.CourseServiceTest]
21:10:05.088 [main] DEBUG org.springframework.test.context.BootstrapUtils - Instantiating CacheAwareContextLoaderDelegate from class [org.springframework.test.context.cache.DefaultCacheAwareContextLoaderDelegate]
21:10:05.089 [main] DEBUG org.springframework.test.context.BootstrapUtils - Instantiating BootstrapContext using constructor [public org.springframework.test.context.support.DefaultBootstrapContext(java.lang.Class,org.springframework.test.context.CacheAwareContextLoaderDelegate)]
21:10:05.090 [main] DEBUG org.springframework.test.context.BootstrapUtils - Instantiating TestContextBootstrapper for test class [com.instahipsta.webappTest.service.CourseServiceTest] from class [org.springframework.boot.test.context.SpringBootTestContextBootstrapper]
21:10:05.091 [main] INFO org.springframework.boot.test.context.SpringBootTestContextBootstrapper - Neither @ContextConfiguration nor @ContextHierarchy found for test class [com.instahipsta.webappTest.service.CourseServiceTest], using SpringBootContextLoader
21:10:05.092 [main] DEBUG org.springframework.test.context.support.AbstractContextLoader - Did not detect default resource location for test class [com.instahipsta.webappTest.service.CourseServiceTest]: class path resource [com/instahipsta/webappTest/service/CourseServiceTest-context.xml] does not exist
21:10:05.099 [main] DEBUG org.springframework.test.context.support.AbstractContextLoader - Did not detect default resource location for test class [com.instahipsta.webappTest.service.CourseServiceTest]: class path resource [com/instahipsta/webappTest/service/CourseServiceTestContext.groovy] does not exist
21:10:05.099 [main] INFO org.springframework.test.context.support.AbstractContextLoader - Could not detect default resource locations for test class [com.instahipsta.webappTest.service.CourseServiceTest]: no resource found for suffixes {-context.xml, Context.groovy}.
21:10:05.127 [main] DEBUG org.springframework.boot.test.context.SpringBootTestContextBootstrapper - @TestExecutionListeners is not present for class [com.instahipsta.webappTest.service.CourseServiceTest]: using defaults.
21:10:05.128 [main] INFO org.springframework.boot.test.context.SpringBootTestContextBootstrapper - Loaded default TestExecutionListener class names from location [META-INF/spring.factories]: [org.springframework.boot.test.mock.mockito.MockitoTestExecutionListener, org.springframework.boot.test.mock.mockito.ResetMocksTestExecutionListener, org.springframework.boot.test.autoconfigure.restdocs.RestDocsTestExecutionListener, org.springframework.boot.test.autoconfigure.web.client.MockRestServiceServerResetTestExecutionListener, org.springframework.boot.test.autoconfigure.web.servlet.MockMvcPrintOnlyOnFailureTestExecutionListener, org.springframework.boot.test.autoconfigure.web.servlet.WebDriverTestExecutionListener, org.springframework.test.context.web.ServletTestExecutionListener, org.springframework.test.context.support.DirtiesContextBeforeModesTestExecutionListener, org.springframework.test.context.support.DependencyInjectionTestExecutionListener, org.springframework.test.context.support.DirtiesContextTestExecutionListener, org.springframework.test.context.transaction.TransactionalTestExecutionListener, org.springframework.test.context.jdbc.SqlScriptsTestExecutionListener, org.springframework.security.test.context.support.WithSecurityContextTestExecutionListener, org.springframework.security.test.context.support.ReactorContextTestExecutionListener]
21:10:05.131 [main] INFO org.springframework.boot.test.context.SpringBootTestContextBootstrapper - Using TestExecutionListeners: [org.springframework.test.context.web.ServletTestExecutionListener@434a63ab, org.springframework.test.context.support.DirtiesContextBeforeModesTestExecutionListener@6e0f5f7f, org.springframework.boot.test.mock.mockito.MockitoTestExecutionListener@2805d709, org.springframework.boot.test.autoconfigure.SpringBootDependencyInjectionTestExecutionListener@3ee37e5a, org.springframework.test.context.support.DirtiesContextTestExecutionListener@2ea41516, org.springframework.test.context.transaction.TransactionalTestExecutionListener@3a44431a, org.springframework.test.context.jdbc.SqlScriptsTestExecutionListener@3c7f66c4, org.springframework.security.test.context.support.WithSecurityContextTestExecutionListener@194bcebf, org.springframework.security.test.context.support.ReactorContextTestExecutionListener@17497425, org.springframework.boot.test.mock.mockito.ResetMocksTestExecutionListener@f0da945, org.springframework.boot.test.autoconfigure.restdocs.RestDocsTestExecutionListener@4803b726, org.springframework.boot.test.autoconfigure.web.client.MockRestServiceServerResetTestExecutionListener@ffaa6af, org.springframework.boot.test.autoconfigure.web.servlet.MockMvcPrintOnlyOnFailureTestExecutionListener@53ce1329, org.springframework.boot.test.autoconfigure.web.servlet.WebDriverTestExecutionListener@316bcf94]
21:10:05.132 [main] DEBUG org.springframework.test.annotation.ProfileValueUtils - Retrieved @ProfileValueSourceConfiguration [null] for test class [com.instahipsta.webappTest.service.CourseServiceTest]
21:10:05.132 [main] DEBUG org.springframework.test.annotation.ProfileValueUtils - Retrieved ProfileValueSource type [class org.springframework.test.annotation.SystemProfileValueSource] for class [com.instahipsta.webappTest.service.CourseServiceTest]
21:10:05.133 [main] DEBUG org.springframework.test.annotation.ProfileValueUtils - Retrieved @ProfileValueSourceConfiguration [null] for test class [com.instahipsta.webappTest.service.CourseServiceTest]
21:10:05.134 [main] DEBUG org.springframework.test.annotation.ProfileValueUtils - Retrieved ProfileValueSource type [class org.springframework.test.annotation.SystemProfileValueSource] for class [com.instahipsta.webappTest.service.CourseServiceTest]
21:10:05.134 [main] DEBUG org.springframework.test.annotation.ProfileValueUtils - Retrieved @ProfileValueSourceConfiguration [null] for test class [com.instahipsta.webappTest.service.CourseServiceTest]
21:10:05.134 [main] DEBUG org.springframework.test.annotation.ProfileValueUtils - Retrieved ProfileValueSource type [class org.springframework.test.annotation.SystemProfileValueSource] for class [com.instahipsta.webappTest.service.CourseServiceTest]
21:10:05.135 [main] DEBUG org.springframework.test.context.support.AbstractDirtiesContextTestExecutionListener - Before test class: context [DefaultTestContext@6404f418 testClass = CourseServiceTest, testInstance = [null], testMethod = [null], testException = [null], mergedContextConfiguration = [WebMergedContextConfiguration@3e11f9e9 testClass = CourseServiceTest, locations = '{}', classes = '{class com.instahipsta.webappTest.Application, class com.instahipsta.webappTest.Application}', contextInitializerClasses = '[]', activeProfiles = '{test}', propertySourceLocations = '{}', propertySourceProperties = '{org.springframework.boot.test.context.SpringBootTestContextBootstrapper=true}', contextCustomizers = set[org.springframework.boot.test.context.filter.ExcludeFilterContextCustomizer@70beb599, org.springframework.boot.test.json.DuplicateJsonObjectContextCustomizerFactory$DuplicateJsonObjectContextCustomizer@33cb5951, org.springframework.boot.test.mock.mockito.MockitoContextCustomizer@0, org.springframework.boot.test.web.client.TestRestTemplateContextCustomizer@12405818, org.springframework.boot.test.autoconfigure.properties.PropertyMappingContextCustomizer@0, org.springframework.boot.test.autoconfigure.web.servlet.WebDriverContextCustomizerFactory$Customizer@473b46c3], resourceBasePath = 'src/main/webapp', contextLoader = 'org.springframework.boot.test.context.SpringBootContextLoader', parent = [null]], attributes = map['org.springframework.test.context.web.ServletTestExecutionListener.activateListener' -> true]], class annotated with @DirtiesContext [false] with mode [null].
21:10:05.136 [main] DEBUG org.springframework.test.annotation.ProfileValueUtils - Retrieved @ProfileValueSourceConfiguration [null] for test class [com.instahipsta.webappTest.service.CourseServiceTest]
21:10:05.137 [main] DEBUG org.springframework.test.annotation.ProfileValueUtils - Retrieved ProfileValueSource type [class org.springframework.test.annotation.SystemProfileValueSource] for class [com.instahipsta.webappTest.service.CourseServiceTest]
21:10:05.169 [main] DEBUG org.springframework.test.context.support.TestPropertySourceUtils - Adding inlined properties to environment: {spring.jmx.enabled=false, org.springframework.boot.test.context.SpringBootTestContextBootstrapper=true, server.port=-1}

  .   ____          _            __ _ _
 /\\ / ___'_ __ _ _(_)_ __  __ _ \ \ \ \
( ( )\___ | '_ | '_| | '_ \/ _` | \ \ \ \
 \\/  ___)| |_)| | | | | || (_| |  ) ) ) )
  '  |____| .__|_| |_|_| |_\__, | / / / /
 =========|_|==============|___/=/_/_/_/
 :: Spring Boot ::        (v2.1.6.RELEASE)

2019-11-24 21:10:06.277  INFO 12524 --- [           main] c.i.w.service.CourseServiceTest          : Starting CourseServiceTest on y520-15-9rg2 with PID 12524 (started by user in D:\Users\user\IdeaProjects\WebappTest)
2019-11-24 21:10:06.277  INFO 12524 --- [           main] c.i.w.service.CourseServiceTest          : The following profiles are active: test
2019-11-24 21:10:08.322  INFO 12524 --- [           main] .s.d.r.c.RepositoryConfigurationDelegate : Bootstrapping Spring Data repositories in DEFAULT mode.
2019-11-24 21:10:08.468  INFO 12524 --- [           main] .s.d.r.c.RepositoryConfigurationDelegate : Finished Spring Data repository scanning in 136ms. Found 3 repository interfaces.
2019-11-24 21:10:09.358  INFO 12524 --- [           main] trationDelegate$BeanPostProcessorChecker : Bean 'org.springframework.transaction.annotation.ProxyTransactionManagementConfiguration' of type [org.springframework.transaction.annotation.ProxyTransactionManagementConfiguration$$EnhancerBySpringCGLIB$$1c798f2d] is not eligible for getting processed by all BeanPostProcessors (for example: not eligible for auto-proxying)
2019-11-24 21:10:09.436  INFO 12524 --- [           main] trationDelegate$BeanPostProcessorChecker : Bean 'org.springframework.security.config.annotation.configuration.ObjectPostProcessorConfiguration' of type [org.springframework.security.config.annotation.configuration.ObjectPostProcessorConfiguration$$EnhancerBySpringCGLIB$$b5275767] is not eligible for getting processed by all BeanPostProcessors (for example: not eligible for auto-proxying)
2019-11-24 21:10:09.445  INFO 12524 --- [           main] trationDelegate$BeanPostProcessorChecker : Bean 'objectPostProcessor' of type [org.springframework.security.config.annotation.configuration.AutowireBeanFactoryObjectPostProcessor] is not eligible for getting processed by all BeanPostProcessors (for example: not eligible for auto-proxying)
2019-11-24 21:10:09.447  INFO 12524 --- [           main] trationDelegate$BeanPostProcessorChecker : Bean 'org.springframework.security.access.expression.method.DefaultMethodSecurityExpressionHandler@51288417' of type [org.springframework.security.access.expression.method.DefaultMethodSecurityExpressionHandler] is not eligible for getting processed by all BeanPostProcessors (for example: not eligible for auto-proxying)
2019-11-24 21:10:09.457  INFO 12524 --- [           main] trationDelegate$BeanPostProcessorChecker : Bean 'org.springframework.security.config.annotation.method.configuration.GlobalMethodSecurityConfiguration' of type [org.springframework.security.config.annotation.method.configuration.GlobalMethodSecurityConfiguration$$EnhancerBySpringCGLIB$$d9fbfa19] is not eligible for getting processed by all BeanPostProcessors (for example: not eligible for auto-proxying)
2019-11-24 21:10:09.466  INFO 12524 --- [           main] trationDelegate$BeanPostProcessorChecker : Bean 'methodSecurityMetadataSource' of type [org.springframework.security.access.method.DelegatingMethodSecurityMetadataSource] is not eligible for getting processed by all BeanPostProcessors (for example: not eligible for auto-proxying)
2019-11-24 21:10:10.363  INFO 12524 --- [           main] com.zaxxer.hikari.HikariDataSource       : HikariPool-1 - Starting...
2019-11-24 21:10:10.520  INFO 12524 --- [           main] com.zaxxer.hikari.pool.PoolBase          : HikariPool-1 - Driver does not support get/set network timeout for connections. (Метод org.postgresql.jdbc.PgConnection.getNetworkTimeout() ещё не реализован)
2019-11-24 21:10:10.541  INFO 12524 --- [           main] com.zaxxer.hikari.HikariDataSource       : HikariPool-1 - Start completed.
2019-11-24 21:10:10.673  INFO 12524 --- [           main] o.hibernate.jpa.internal.util.LogHelper  : HHH000204: Processing PersistenceUnitInfo [
	name: default
	...]
2019-11-24 21:10:10.827  INFO 12524 --- [           main] org.hibernate.Version                    : HHH000412: Hibernate Core {5.3.10.Final}
2019-11-24 21:10:10.831  INFO 12524 --- [           main] org.hibernate.cfg.Environment            : HHH000206: hibernate.properties not found
2019-11-24 21:10:11.232  INFO 12524 --- [           main] o.hibernate.annotations.common.Version   : HCANN000001: Hibernate Commons Annotations {5.0.4.Final}
2019-11-24 21:10:12.379  INFO 12524 --- [           main] org.hibernate.dialect.Dialect            : HHH000400: Using dialect: org.hibernate.dialect.PostgreSQL95Dialect
2019-11-24 21:10:12.413  INFO 12524 --- [           main] o.h.e.j.e.i.LobCreatorBuilderImpl        : HHH000422: Disabling contextual LOB creation as connection was null
2019-11-24 21:10:12.424  INFO 12524 --- [           main] org.hibernate.type.BasicTypeRegistry     : HHH000270: Type registration [java.util.UUID] overrides previous : org.hibernate.type.UUIDBinaryType@4fc165f6
2019-11-24 21:10:16.176  INFO 12524 --- [           main] o.h.t.schema.internal.SchemaCreatorImpl  : HHH000476: Executing import script 'org.hibernate.tool.schema.internal.exec.ScriptSourceInputNonExistentImpl@15e08615'
2019-11-24 21:10:16.181  INFO 12524 --- [           main] j.LocalContainerEntityManagerFactoryBean : Initialized JPA EntityManagerFactory for persistence unit 'default'
2019-11-24 21:10:20.425  INFO 12524 --- [           main] o.s.security.access.SecurityConfig       : Configuring security...
2019-11-24 21:10:20.633  INFO 12524 --- [           main] o.s.s.web.DefaultSecurityFilterChain     : Creating filter chain: any request, [org.springframework.security.web.context.request.async.WebAsyncManagerIntegrationFilter@26d24d7a, org.springframework.security.web.context.SecurityContextPersistenceFilter@377e90b0, org.springframework.security.web.header.HeaderWriterFilter@ace2408, org.springframework.security.web.csrf.CsrfFilter@ad5cffa, org.springframework.security.web.authentication.logout.LogoutFilter@395eb363, org.springframework.security.web.authentication.UsernamePasswordAuthenticationFilter@6b3b4f37, org.springframework.security.web.savedrequest.RequestCacheAwareFilter@36cf16a6, org.springframework.security.web.servletapi.SecurityContextHolderAwareRequestFilter@14b26e90, org.springframework.security.web.authentication.rememberme.RememberMeAuthenticationFilter@71f29d91, org.springframework.security.web.authentication.AnonymousAuthenticationFilter@5a78b52b, org.springframework.security.web.session.SessionManagementFilter@5178345d, org.springframework.security.web.access.ExceptionTranslationFilter@bb6869a, org.springframework.security.web.access.intercept.FilterSecurityInterceptor@f2becb2]
2019-11-24 21:10:22.097  INFO 12524 --- [           main] o.s.s.concurrent.ThreadPoolTaskExecutor  : Initializing ExecutorService 'applicationTaskExecutor'
2019-11-24 21:10:22.243  WARN 12524 --- [           main] aWebConfiguration$JpaWebMvcConfiguration : spring.jpa.open-in-view is enabled by default. Therefore, database queries may be performed during view rendering. Explicitly configure spring.jpa.open-in-view to disable this warning
2019-11-24 21:10:23.718  INFO 12524 --- [           main] o.s.a.r.c.CachingConnectionFactory       : Attempting to connect to: 127.0.0.1:5672
2019-11-24 21:10:23.920  INFO 12524 --- [           main] o.s.a.r.l.SimpleMessageListenerContainer : Broker not available; cannot force queue declarations during start: com.rabbitmq.client.AuthenticationFailureException: ACCESS_REFUSED - Login was refused using authentication mechanism PLAIN. For details see the broker logfile.
2019-11-24 21:10:23.948  INFO 12524 --- [ntContainer#0-1] o.s.a.r.c.CachingConnectionFactory       : Attempting to connect to: 127.0.0.1:5672
2019-11-24 21:10:23.988 ERROR 12524 --- [ 127.0.0.1:5672] c.r.c.impl.ForgivingExceptionHandler     : An unexpected connection driver error occured

java.net.SocketException: socket closed
	at java.net.SocketInputStream.socketRead0(Native Method) ~[na:1.8.0_201]
	at java.net.SocketInputStream.socketRead(SocketInputStream.java:116) ~[na:1.8.0_201]
	at java.net.SocketInputStream.read(SocketInputStream.java:171) ~[na:1.8.0_201]
	at java.net.SocketInputStream.read(SocketInputStream.java:141) ~[na:1.8.0_201]
	at java.io.BufferedInputStream.fill(BufferedInputStream.java:246) ~[na:1.8.0_201]
	at java.io.BufferedInputStream.read(BufferedInputStream.java:265) ~[na:1.8.0_201]
	at java.io.DataInputStream.readUnsignedByte(DataInputStream.java:288) ~[na:1.8.0_201]
	at com.rabbitmq.client.impl.Frame.readFrom(Frame.java:91) ~[amqp-client-5.4.3.jar:5.4.3]
	at com.rabbitmq.client.impl.SocketFrameHandler.readFrame(SocketFrameHandler.java:164) ~[amqp-client-5.4.3.jar:5.4.3]
	at com.rabbitmq.client.impl.AMQConnection$MainLoop.run(AMQConnection.java:596) ~[amqp-client-5.4.3.jar:5.4.3]
	at java.lang.Thread.run(Thread.java:748) [na:1.8.0_201]

2019-11-24 21:10:23.988 ERROR 12524 --- [ntContainer#0-1] o.s.a.r.l.SimpleMessageListenerContainer : Failed to check/redeclare auto-delete queue(s).

org.springframework.amqp.AmqpAuthenticationException: com.rabbitmq.client.AuthenticationFailureException: ACCESS_REFUSED - Login was refused using authentication mechanism PLAIN. For details see the broker logfile.
	at org.springframework.amqp.rabbit.support.RabbitExceptionTranslator.convertRabbitAccessException(RabbitExceptionTranslator.java:65) ~[spring-rabbit-2.1.6.RELEASE.jar:2.1.6.RELEASE]
	at org.springframework.amqp.rabbit.connection.AbstractConnectionFactory.createBareConnection(AbstractConnectionFactory.java:509) ~[spring-rabbit-2.1.6.RELEASE.jar:2.1.6.RELEASE]
	at org.springframework.amqp.rabbit.connection.CachingConnectionFactory.createConnection(CachingConnectionFactory.java:700) ~[spring-rabbit-2.1.6.RELEASE.jar:2.1.6.RELEASE]
	at org.springframework.amqp.rabbit.connection.ConnectionFactoryUtils.createConnection(ConnectionFactoryUtils.java:214) ~[spring-rabbit-2.1.6.RELEASE.jar:2.1.6.RELEASE]
	at org.springframework.amqp.rabbit.core.RabbitTemplate.doExecute(RabbitTemplate.java:2073) ~[spring-rabbit-2.1.6.RELEASE.jar:2.1.6.RELEASE]
	at org.springframework.amqp.rabbit.core.RabbitTemplate.execute(RabbitTemplate.java:2047) ~[spring-rabbit-2.1.6.RELEASE.jar:2.1.6.RELEASE]
	at org.springframework.amqp.rabbit.core.RabbitTemplate.execute(RabbitTemplate.java:2027) ~[spring-rabbit-2.1.6.RELEASE.jar:2.1.6.RELEASE]
	at org.springframework.amqp.rabbit.core.RabbitAdmin.getQueueProperties(RabbitAdmin.java:403) ~[spring-rabbit-2.1.6.RELEASE.jar:2.1.6.RELEASE]
	at org.springframework.amqp.rabbit.listener.AbstractMessageListenerContainer.attemptDeclarations(AbstractMessageListenerContainer.java:1787) ~[spring-rabbit-2.1.6.RELEASE.jar:2.1.6.RELEASE]
	at org.springframework.amqp.rabbit.listener.AbstractMessageListenerContainer.redeclareElementsIfNecessary(AbstractMessageListenerContainer.java:1768) ~[spring-rabbit-2.1.6.RELEASE.jar:2.1.6.RELEASE]
	at org.springframework.amqp.rabbit.listener.SimpleMessageListenerContainer$AsyncMessageProcessingConsumer.initialize(SimpleMessageListenerContainer.java:1195) [spring-rabbit-2.1.6.RELEASE.jar:2.1.6.RELEASE]
	at org.springframework.amqp.rabbit.listener.SimpleMessageListenerContainer$AsyncMessageProcessingConsumer.run(SimpleMessageListenerContainer.java:1041) [spring-rabbit-2.1.6.RELEASE.jar:2.1.6.RELEASE]
	at java.lang.Thread.run(Thread.java:748) [na:1.8.0_201]
Caused by: com.rabbitmq.client.AuthenticationFailureException: ACCESS_REFUSED - Login was refused using authentication mechanism PLAIN. For details see the broker logfile.
	at com.rabbitmq.client.impl.AMQConnection.start(AMQConnection.java:362) ~[amqp-client-5.4.3.jar:5.4.3]
	at com.rabbitmq.client.ConnectionFactory.newConnection(ConnectionFactory.java:1104) ~[amqp-client-5.4.3.jar:5.4.3]
	at com.rabbitmq.client.ConnectionFactory.newConnection(ConnectionFactory.java:1054) ~[amqp-client-5.4.3.jar:5.4.3]
	at com.rabbitmq.client.ConnectionFactory.newConnection(ConnectionFactory.java:1218) ~[amqp-client-5.4.3.jar:5.4.3]
	at org.springframework.amqp.rabbit.connection.AbstractConnectionFactory.createBareConnection(AbstractConnectionFactory.java:471) ~[spring-rabbit-2.1.6.RELEASE.jar:2.1.6.RELEASE]
	... 11 common frames omitted

2019-11-24 21:10:23.996  INFO 12524 --- [ntContainer#0-1] o.s.a.r.c.CachingConnectionFactory       : Attempting to connect to: 127.0.0.1:5672
2019-11-24 21:10:24.020 ERROR 12524 --- [ 127.0.0.1:5672] c.r.c.impl.ForgivingExceptionHandler     : An unexpected connection driver error occured

java.net.SocketException: socket closed
	at java.net.SocketInputStream.socketRead0(Native Method) ~[na:1.8.0_201]
	at java.net.SocketInputStream.socketRead(SocketInputStream.java:116) ~[na:1.8.0_201]
	at java.net.SocketInputStream.read(SocketInputStream.java:171) ~[na:1.8.0_201]
	at java.net.SocketInputStream.read(SocketInputStream.java:141) ~[na:1.8.0_201]
	at java.io.BufferedInputStream.fill(BufferedInputStream.java:246) ~[na:1.8.0_201]
	at java.io.BufferedInputStream.read(BufferedInputStream.java:265) ~[na:1.8.0_201]
	at java.io.DataInputStream.readUnsignedByte(DataInputStream.java:288) ~[na:1.8.0_201]
	at com.rabbitmq.client.impl.Frame.readFrom(Frame.java:91) ~[amqp-client-5.4.3.jar:5.4.3]
	at com.rabbitmq.client.impl.SocketFrameHandler.readFrame(SocketFrameHandler.java:164) ~[amqp-client-5.4.3.jar:5.4.3]
	at com.rabbitmq.client.impl.AMQConnection$MainLoop.run(AMQConnection.java:596) ~[amqp-client-5.4.3.jar:5.4.3]
	at java.lang.Thread.run(Thread.java:748) [na:1.8.0_201]

2019-11-24 21:10:24.023 ERROR 12524 --- [ntContainer#0-1] o.s.a.r.l.SimpleMessageListenerContainer : Consumer received fatal exception on startup

org.springframework.amqp.rabbit.listener.exception.FatalListenerStartupException: Authentication failure
	at org.springframework.amqp.rabbit.listener.BlockingQueueConsumer.start(BlockingQueueConsumer.java:576) ~[spring-rabbit-2.1.6.RELEASE.jar:2.1.6.RELEASE]
	at org.springframework.amqp.rabbit.listener.SimpleMessageListenerContainer$AsyncMessageProcessingConsumer.initialize(SimpleMessageListenerContainer.java:1196) ~[spring-rabbit-2.1.6.RELEASE.jar:2.1.6.RELEASE]
	at org.springframework.amqp.rabbit.listener.SimpleMessageListenerContainer$AsyncMessageProcessingConsumer.run(SimpleMessageListenerContainer.java:1041) ~[spring-rabbit-2.1.6.RELEASE.jar:2.1.6.RELEASE]
	at java.lang.Thread.run(Thread.java:748) [na:1.8.0_201]
Caused by: org.springframework.amqp.AmqpAuthenticationException: com.rabbitmq.client.AuthenticationFailureException: ACCESS_REFUSED - Login was refused using authentication mechanism PLAIN. For details see the broker logfile.
	at org.springframework.amqp.rabbit.support.RabbitExceptionTranslator.convertRabbitAccessException(RabbitExceptionTranslator.java:65) ~[spring-rabbit-2.1.6.RELEASE.jar:2.1.6.RELEASE]
	at org.springframework.amqp.rabbit.connection.AbstractConnectionFactory.createBareConnection(AbstractConnectionFactory.java:509) ~[spring-rabbit-2.1.6.RELEASE.jar:2.1.6.RELEASE]
	at org.springframework.amqp.rabbit.connection.CachingConnectionFactory.createConnection(CachingConnectionFactory.java:700) ~[spring-rabbit-2.1.6.RELEASE.jar:2.1.6.RELEASE]
	at org.springframework.amqp.rabbit.connection.ConnectionFactoryUtils.createConnection(ConnectionFactoryUtils.java:214) ~[spring-rabbit-2.1.6.RELEASE.jar:2.1.6.RELEASE]
	at org.springframework.amqp.rabbit.connection.ConnectionFactoryUtils$RabbitResourceFactory.createConnection(ConnectionFactoryUtils.java:293) ~[spring-rabbit-2.1.6.RELEASE.jar:2.1.6.RELEASE]
	at org.springframework.amqp.rabbit.connection.ConnectionFactoryUtils.doGetTransactionalResourceHolder(ConnectionFactoryUtils.java:131) ~[spring-rabbit-2.1.6.RELEASE.jar:2.1.6.RELEASE]
	at org.springframework.amqp.rabbit.connection.ConnectionFactoryUtils.getTransactionalResourceHolder(ConnectionFactoryUtils.java:93) ~[spring-rabbit-2.1.6.RELEASE.jar:2.1.6.RELEASE]
	at org.springframework.amqp.rabbit.connection.ConnectionFactoryUtils.getTransactionalResourceHolder(ConnectionFactoryUtils.java:76) ~[spring-rabbit-2.1.6.RELEASE.jar:2.1.6.RELEASE]
	at org.springframework.amqp.rabbit.listener.BlockingQueueConsumer.start(BlockingQueueConsumer.java:570) ~[spring-rabbit-2.1.6.RELEASE.jar:2.1.6.RELEASE]
	... 3 common frames omitted
Caused by: com.rabbitmq.client.AuthenticationFailureException: ACCESS_REFUSED - Login was refused using authentication mechanism PLAIN. For details see the broker logfile.
	at com.rabbitmq.client.impl.AMQConnection.start(AMQConnection.java:362) ~[amqp-client-5.4.3.jar:5.4.3]
	at com.rabbitmq.client.ConnectionFactory.newConnection(ConnectionFactory.java:1104) ~[amqp-client-5.4.3.jar:5.4.3]
	at com.rabbitmq.client.ConnectionFactory.newConnection(ConnectionFactory.java:1054) ~[amqp-client-5.4.3.jar:5.4.3]
	at com.rabbitmq.client.ConnectionFactory.newConnection(ConnectionFactory.java:1218) ~[amqp-client-5.4.3.jar:5.4.3]
	at org.springframework.amqp.rabbit.connection.AbstractConnectionFactory.createBareConnection(AbstractConnectionFactory.java:471) ~[spring-rabbit-2.1.6.RELEASE.jar:2.1.6.RELEASE]
	... 10 common frames omitted

2019-11-24 21:10:24.026  WARN 12524 --- [           main] o.s.w.c.s.GenericWebApplicationContext   : Exception encountered during context initialization - cancelling refresh attempt: org.springframework.context.ApplicationContextException: Failed to start bean 'org.springframework.amqp.rabbit.config.internalRabbitListenerEndpointRegistry'; nested exception is org.springframework.amqp.AmqpIllegalStateException: Fatal exception on listener startup
2019-11-24 21:10:24.028  INFO 12524 --- [           main] o.s.s.concurrent.ThreadPoolTaskExecutor  : Shutting down ExecutorService 'applicationTaskExecutor'
2019-11-24 21:10:24.035  INFO 12524 --- [           main] o.s.a.r.l.SimpleMessageListenerContainer : Waiting for workers to finish.
2019-11-24 21:10:24.048  INFO 12524 --- [           main] o.s.a.r.l.SimpleMessageListenerContainer : Successfully waited for workers to finish.
2019-11-24 21:10:24.048  INFO 12524 --- [           main] o.s.a.r.l.SimpleMessageListenerContainer : Shutdown ignored - container is not active already
2019-11-24 21:10:24.048 ERROR 12524 --- [ntContainer#0-1] o.s.a.r.l.SimpleMessageListenerContainer : Stopping container from aborted consumer
2019-11-24 21:10:24.048  INFO 12524 --- [ntContainer#0-1] o.s.a.r.l.SimpleMessageListenerContainer : Shutdown ignored - container is not active already
2019-11-24 21:10:24.051  INFO 12524 --- [           main] j.LocalContainerEntityManagerFactoryBean : Closing JPA EntityManagerFactory for persistence unit 'default'
2019-11-24 21:10:24.061  INFO 12524 --- [           main] com.zaxxer.hikari.HikariDataSource       : HikariPool-1 - Shutdown initiated...
2019-11-24 21:10:24.077  INFO 12524 --- [           main] com.zaxxer.hikari.HikariDataSource       : HikariPool-1 - Shutdown completed.
2019-11-24 21:10:24.100  INFO 12524 --- [           main] ConditionEvaluationReportLoggingListener : 

Error starting ApplicationContext. To display the conditions report re-run your application with 'debug' enabled.
2019-11-24 21:10:24.110 ERROR 12524 --- [           main] o.s.boot.SpringApplication               : Application run failed

org.springframework.context.ApplicationContextException: Failed to start bean 'org.springframework.amqp.rabbit.config.internalRabbitListenerEndpointRegistry'; nested exception is org.springframework.amqp.AmqpIllegalStateException: Fatal exception on listener startup
	at org.springframework.context.support.DefaultLifecycleProcessor.doStart(DefaultLifecycleProcessor.java:185) ~[spring-context-5.1.8.RELEASE.jar:5.1.8.RELEASE]
	at org.springframework.context.support.DefaultLifecycleProcessor.access$200(DefaultLifecycleProcessor.java:53) ~[spring-context-5.1.8.RELEASE.jar:5.1.8.RELEASE]
	at org.springframework.context.support.DefaultLifecycleProcessor$LifecycleGroup.start(DefaultLifecycleProcessor.java:360) ~[spring-context-5.1.8.RELEASE.jar:5.1.8.RELEASE]
	at org.springframework.context.support.DefaultLifecycleProcessor.startBeans(DefaultLifecycleProcessor.java:158) ~[spring-context-5.1.8.RELEASE.jar:5.1.8.RELEASE]
	at org.springframework.context.support.DefaultLifecycleProcessor.onRefresh(DefaultLifecycleProcessor.java:122) ~[spring-context-5.1.8.RELEASE.jar:5.1.8.RELEASE]
	at org.springframework.context.support.AbstractApplicationContext.finishRefresh(AbstractApplicationContext.java:893) ~[spring-context-5.1.8.RELEASE.jar:5.1.8.RELEASE]
	at org.springframework.context.support.AbstractApplicationContext.refresh(AbstractApplicationContext.java:552) ~[spring-context-5.1.8.RELEASE.jar:5.1.8.RELEASE]
	at org.springframework.boot.SpringApplication.refresh(SpringApplication.java:742) ~[spring-boot-2.1.6.RELEASE.jar:2.1.6.RELEASE]
	at org.springframework.boot.SpringApplication.refreshContext(SpringApplication.java:389) ~[spring-boot-2.1.6.RELEASE.jar:2.1.6.RELEASE]
	at org.springframework.boot.SpringApplication.run(SpringApplication.java:311) ~[spring-boot-2.1.6.RELEASE.jar:2.1.6.RELEASE]
	at org.springframework.boot.test.context.SpringBootContextLoader.loadContext(SpringBootContextLoader.java:119) [spring-boot-test-2.1.6.RELEASE.jar:2.1.6.RELEASE]
	at org.springframework.test.context.cache.DefaultCacheAwareContextLoaderDelegate.loadContextInternal(DefaultCacheAwareContextLoaderDelegate.java:99) [spring-test-5.1.8.RELEASE.jar:5.1.8.RELEASE]
	at org.springframework.test.context.cache.DefaultCacheAwareContextLoaderDelegate.loadContext(DefaultCacheAwareContextLoaderDelegate.java:117) [spring-test-5.1.8.RELEASE.jar:5.1.8.RELEASE]
	at org.springframework.test.context.support.DefaultTestContext.getApplicationContext(DefaultTestContext.java:108) [spring-test-5.1.8.RELEASE.jar:5.1.8.RELEASE]
	at org.springframework.test.context.web.ServletTestExecutionListener.setUpRequestContextIfNecessary(ServletTestExecutionListener.java:190) [spring-test-5.1.8.RELEASE.jar:5.1.8.RELEASE]
	at org.springframework.test.context.web.ServletTestExecutionListener.prepareTestInstance(ServletTestExecutionListener.java:132) [spring-test-5.1.8.RELEASE.jar:5.1.8.RELEASE]
	at org.springframework.test.context.TestContextManager.prepareTestInstance(TestContextManager.java:246) [spring-test-5.1.8.RELEASE.jar:5.1.8.RELEASE]
	at org.springframework.test.context.junit4.SpringJUnit4ClassRunner.createTest(SpringJUnit4ClassRunner.java:227) [spring-test-5.1.8.RELEASE.jar:5.1.8.RELEASE]
	at org.springframework.test.context.junit4.SpringJUnit4ClassRunner$1.runReflectiveCall(SpringJUnit4ClassRunner.java:289) [spring-test-5.1.8.RELEASE.jar:5.1.8.RELEASE]
	at org.junit.internal.runners.model.ReflectiveCallable.run(ReflectiveCallable.java:12) [junit-4.12.jar:4.12]
	at org.springframework.test.context.junit4.SpringJUnit4ClassRunner.methodBlock(SpringJUnit4ClassRunner.java:291) [spring-test-5.1.8.RELEASE.jar:5.1.8.RELEASE]
	at org.springframework.test.context.junit4.SpringJUnit4ClassRunner.runChild(SpringJUnit4ClassRunner.java:246) [spring-test-5.1.8.RELEASE.jar:5.1.8.RELEASE]
	at org.springframework.test.context.junit4.SpringJUnit4ClassRunner.runChild(SpringJUnit4ClassRunner.java:97) [spring-test-5.1.8.RELEASE.jar:5.1.8.RELEASE]
	at org.junit.runners.ParentRunner$3.run(ParentRunner.java:290) [junit-4.12.jar:4.12]
	at org.junit.runners.ParentRunner$1.schedule(ParentRunner.java:71) [junit-4.12.jar:4.12]
	at org.junit.runners.ParentRunner.runChildren(ParentRunner.java:288) [junit-4.12.jar:4.12]
	at org.junit.runners.ParentRunner.access$000(ParentRunner.java:58) [junit-4.12.jar:4.12]
	at org.junit.runners.ParentRunner$2.evaluate(ParentRunner.java:268) [junit-4.12.jar:4.12]
	at org.springframework.test.context.junit4.statements.RunBeforeTestClassCallbacks.evaluate(RunBeforeTestClassCallbacks.java:61) [spring-test-5.1.8.RELEASE.jar:5.1.8.RELEASE]
	at org.springframework.test.context.junit4.statements.RunAfterTestClassCallbacks.evaluate(RunAfterTestClassCallbacks.java:70) [spring-test-5.1.8.RELEASE.jar:5.1.8.RELEASE]
	at org.junit.runners.ParentRunner.run(ParentRunner.java:363) [junit-4.12.jar:4.12]
	at org.springframework.test.context.junit4.SpringJUnit4ClassRunner.run(SpringJUnit4ClassRunner.java:190) [spring-test-5.1.8.RELEASE.jar:5.1.8.RELEASE]
	at org.apache.maven.surefire.junit4.JUnit4Provider.execute(JUnit4Provider.java:365) [surefire-junit4-2.22.2.jar:2.22.2]
	at org.apache.maven.surefire.junit4.JUnit4Provider.executeWithRerun(JUnit4Provider.java:273) [surefire-junit4-2.22.2.jar:2.22.2]
	at org.apache.maven.surefire.junit4.JUnit4Provider.executeTestSet(JUnit4Provider.java:238) [surefire-junit4-2.22.2.jar:2.22.2]
	at org.apache.maven.surefire.junit4.JUnit4Provider.invoke(JUnit4Provider.java:159) [surefire-junit4-2.22.2.jar:2.22.2]
	at org.apache.maven.surefire.booter.ForkedBooter.invokeProviderInSameClassLoader(ForkedBooter.java:384) [surefire-booter-2.22.2.jar:2.22.2]
	at org.apache.maven.surefire.booter.ForkedBooter.runSuitesInProcess(ForkedBooter.java:345) [surefire-booter-2.22.2.jar:2.22.2]
	at org.apache.maven.surefire.booter.ForkedBooter.execute(ForkedBooter.java:126) [surefire-booter-2.22.2.jar:2.22.2]
	at org.apache.maven.surefire.booter.ForkedBooter.main(ForkedBooter.java:418) [surefire-booter-2.22.2.jar:2.22.2]
Caused by: org.springframework.amqp.AmqpIllegalStateException: Fatal exception on listener startup
	at org.springframework.amqp.rabbit.listener.SimpleMessageListenerContainer.waitForConsumersToStart(SimpleMessageListenerContainer.java:553) ~[spring-rabbit-2.1.6.RELEASE.jar:2.1.6.RELEASE]
	at org.springframework.amqp.rabbit.listener.SimpleMessageListenerContainer.doStart(SimpleMessageListenerContainer.java:511) ~[spring-rabbit-2.1.6.RELEASE.jar:2.1.6.RELEASE]
	at org.springframework.amqp.rabbit.listener.AbstractMessageListenerContainer.start(AbstractMessageListenerContainer.java:1296) ~[spring-rabbit-2.1.6.RELEASE.jar:2.1.6.RELEASE]
	at org.springframework.amqp.rabbit.listener.RabbitListenerEndpointRegistry.startIfNecessary(RabbitListenerEndpointRegistry.java:294) ~[spring-rabbit-2.1.6.RELEASE.jar:2.1.6.RELEASE]
	at org.springframework.amqp.rabbit.listener.RabbitListenerEndpointRegistry.start(RabbitListenerEndpointRegistry.java:249) ~[spring-rabbit-2.1.6.RELEASE.jar:2.1.6.RELEASE]
	at org.springframework.context.support.DefaultLifecycleProcessor.doStart(DefaultLifecycleProcessor.java:182) ~[spring-context-5.1.8.RELEASE.jar:5.1.8.RELEASE]
	... 39 common frames omitted
Caused by: org.springframework.amqp.rabbit.listener.exception.FatalListenerStartupException: Authentication failure
	at org.springframework.amqp.rabbit.listener.BlockingQueueConsumer.start(BlockingQueueConsumer.java:576) ~[spring-rabbit-2.1.6.RELEASE.jar:2.1.6.RELEASE]
	at org.springframework.amqp.rabbit.listener.SimpleMessageListenerContainer$AsyncMessageProcessingConsumer.initialize(SimpleMessageListenerContainer.java:1196) ~[spring-rabbit-2.1.6.RELEASE.jar:2.1.6.RELEASE]
	at org.springframework.amqp.rabbit.listener.SimpleMessageListenerContainer$AsyncMessageProcessingConsumer.run(SimpleMessageListenerContainer.java:1041) ~[spring-rabbit-2.1.6.RELEASE.jar:2.1.6.RELEASE]
	at java.lang.Thread.run(Thread.java:748) ~[na:1.8.0_201]
Caused by: org.springframework.amqp.AmqpAuthenticationException: com.rabbitmq.client.AuthenticationFailureException: ACCESS_REFUSED - Login was refused using authentication mechanism PLAIN. For details see the broker logfile.
	at org.springframework.amqp.rabbit.support.RabbitExceptionTranslator.convertRabbitAccessException(RabbitExceptionTranslator.java:65) ~[spring-rabbit-2.1.6.RELEASE.jar:2.1.6.RELEASE]
	at org.springframework.amqp.rabbit.connection.AbstractConnectionFactory.createBareConnection(AbstractConnectionFactory.java:509) ~[spring-rabbit-2.1.6.RELEASE.jar:2.1.6.RELEASE]
	at org.springframework.amqp.rabbit.connection.CachingConnectionFactory.createConnection(CachingConnectionFactory.java:700) ~[spring-rabbit-2.1.6.RELEASE.jar:2.1.6.RELEASE]
	at org.springframework.amqp.rabbit.connection.ConnectionFactoryUtils.createConnection(ConnectionFactoryUtils.java:214) ~[spring-rabbit-2.1.6.RELEASE.jar:2.1.6.RELEASE]
	at org.springframework.amqp.rabbit.connection.ConnectionFactoryUtils$RabbitResourceFactory.createConnection(ConnectionFactoryUtils.java:293) ~[spring-rabbit-2.1.6.RELEASE.jar:2.1.6.RELEASE]
	at org.springframework.amqp.rabbit.connection.ConnectionFactoryUtils.doGetTransactionalResourceHolder(ConnectionFactoryUtils.java:131) ~[spring-rabbit-2.1.6.RELEASE.jar:2.1.6.RELEASE]
	at org.springframework.amqp.rabbit.connection.ConnectionFactoryUtils.getTransactionalResourceHolder(ConnectionFactoryUtils.java:93) ~[spring-rabbit-2.1.6.RELEASE.jar:2.1.6.RELEASE]
	at org.springframework.amqp.rabbit.connection.ConnectionFactoryUtils.getTransactionalResourceHolder(ConnectionFactoryUtils.java:76) ~[spring-rabbit-2.1.6.RELEASE.jar:2.1.6.RELEASE]
	at org.springframework.amqp.rabbit.listener.BlockingQueueConsumer.start(BlockingQueueConsumer.java:570) ~[spring-rabbit-2.1.6.RELEASE.jar:2.1.6.RELEASE]
	... 3 common frames omitted
Caused by: com.rabbitmq.client.AuthenticationFailureException: ACCESS_REFUSED - Login was refused using authentication mechanism PLAIN. For details see the broker logfile.
	at com.rabbitmq.client.impl.AMQConnection.start(AMQConnection.java:362) ~[amqp-client-5.4.3.jar:5.4.3]
	at com.rabbitmq.client.ConnectionFactory.newConnection(ConnectionFactory.java:1104) ~[amqp-client-5.4.3.jar:5.4.3]
	at com.rabbitmq.client.ConnectionFactory.newConnection(ConnectionFactory.java:1054) ~[amqp-client-5.4.3.jar:5.4.3]
	at com.rabbitmq.client.ConnectionFactory.newConnection(ConnectionFactory.java:1218) ~[amqp-client-5.4.3.jar:5.4.3]
	at org.springframework.amqp.rabbit.connection.AbstractConnectionFactory.createBareConnection(AbstractConnectionFactory.java:471) ~[spring-rabbit-2.1.6.RELEASE.jar:2.1.6.RELEASE]
	... 10 common frames omitted

2019-11-24 21:10:24.116 ERROR 12524 --- [           main] o.s.test.context.TestContextManager      : Caught exception while allowing TestExecutionListener [org.springframework.test.context.web.ServletTestExecutionListener@434a63ab] to prepare test instance [com.instahipsta.webappTest.service.CourseServiceTest@6f36267d]

java.lang.IllegalStateException: Failed to load ApplicationContext
	at org.springframework.test.context.cache.DefaultCacheAwareContextLoaderDelegate.loadContext(DefaultCacheAwareContextLoaderDelegate.java:125) ~[spring-test-5.1.8.RELEASE.jar:5.1.8.RELEASE]
	at org.springframework.test.context.support.DefaultTestContext.getApplicationContext(DefaultTestContext.java:108) ~[spring-test-5.1.8.RELEASE.jar:5.1.8.RELEASE]
	at org.springframework.test.context.web.ServletTestExecutionListener.setUpRequestContextIfNecessary(ServletTestExecutionListener.java:190) ~[spring-test-5.1.8.RELEASE.jar:5.1.8.RELEASE]
	at org.springframework.test.context.web.ServletTestExecutionListener.prepareTestInstance(ServletTestExecutionListener.java:132) ~[spring-test-5.1.8.RELEASE.jar:5.1.8.RELEASE]
	at org.springframework.test.context.TestContextManager.prepareTestInstance(TestContextManager.java:246) ~[spring-test-5.1.8.RELEASE.jar:5.1.8.RELEASE]
	at org.springframework.test.context.junit4.SpringJUnit4ClassRunner.createTest(SpringJUnit4ClassRunner.java:227) [spring-test-5.1.8.RELEASE.jar:5.1.8.RELEASE]
	at org.springframework.test.context.junit4.SpringJUnit4ClassRunner$1.runReflectiveCall(SpringJUnit4ClassRunner.java:289) [spring-test-5.1.8.RELEASE.jar:5.1.8.RELEASE]
	at org.junit.internal.runners.model.ReflectiveCallable.run(ReflectiveCallable.java:12) [junit-4.12.jar:4.12]
	at org.springframework.test.context.junit4.SpringJUnit4ClassRunner.methodBlock(SpringJUnit4ClassRunner.java:291) [spring-test-5.1.8.RELEASE.jar:5.1.8.RELEASE]
	at org.springframework.test.context.junit4.SpringJUnit4ClassRunner.runChild(SpringJUnit4ClassRunner.java:246) [spring-test-5.1.8.RELEASE.jar:5.1.8.RELEASE]
	at org.springframework.test.context.junit4.SpringJUnit4ClassRunner.runChild(SpringJUnit4ClassRunner.java:97) [spring-test-5.1.8.RELEASE.jar:5.1.8.RELEASE]
	at org.junit.runners.ParentRunner$3.run(ParentRunner.java:290) [junit-4.12.jar:4.12]
	at org.junit.runners.ParentRunner$1.schedule(ParentRunner.java:71) [junit-4.12.jar:4.12]
	at org.junit.runners.ParentRunner.runChildren(ParentRunner.java:288) [junit-4.12.jar:4.12]
	at org.junit.runners.ParentRunner.access$000(ParentRunner.java:58) [junit-4.12.jar:4.12]
	at org.junit.runners.ParentRunner$2.evaluate(ParentRunner.java:268) [junit-4.12.jar:4.12]
	at org.springframework.test.context.junit4.statements.RunBeforeTestClassCallbacks.evaluate(RunBeforeTestClassCallbacks.java:61) [spring-test-5.1.8.RELEASE.jar:5.1.8.RELEASE]
	at org.springframework.test.context.junit4.statements.RunAfterTestClassCallbacks.evaluate(RunAfterTestClassCallbacks.java:70) [spring-test-5.1.8.RELEASE.jar:5.1.8.RELEASE]
	at org.junit.runners.ParentRunner.run(ParentRunner.java:363) [junit-4.12.jar:4.12]
	at org.springframework.test.context.junit4.SpringJUnit4ClassRunner.run(SpringJUnit4ClassRunner.java:190) [spring-test-5.1.8.RELEASE.jar:5.1.8.RELEASE]
	at org.apache.maven.surefire.junit4.JUnit4Provider.execute(JUnit4Provider.java:365) [surefire-junit4-2.22.2.jar:2.22.2]
	at org.apache.maven.surefire.junit4.JUnit4Provider.executeWithRerun(JUnit4Provider.java:273) [surefire-junit4-2.22.2.jar:2.22.2]
	at org.apache.maven.surefire.junit4.JUnit4Provider.executeTestSet(JUnit4Provider.java:238) [surefire-junit4-2.22.2.jar:2.22.2]
	at org.apache.maven.surefire.junit4.JUnit4Provider.invoke(JUnit4Provider.java:159) [surefire-junit4-2.22.2.jar:2.22.2]
	at org.apache.maven.surefire.booter.ForkedBooter.invokeProviderInSameClassLoader(ForkedBooter.java:384) [surefire-booter-2.22.2.jar:2.22.2]
	at org.apache.maven.surefire.booter.ForkedBooter.runSuitesInProcess(ForkedBooter.java:345) [surefire-booter-2.22.2.jar:2.22.2]
	at org.apache.maven.surefire.booter.ForkedBooter.execute(ForkedBooter.java:126) [surefire-booter-2.22.2.jar:2.22.2]
	at org.apache.maven.surefire.booter.ForkedBooter.main(ForkedBooter.java:418) [surefire-booter-2.22.2.jar:2.22.2]
Caused by: org.springframework.context.ApplicationContextException: Failed to start bean 'org.springframework.amqp.rabbit.config.internalRabbitListenerEndpointRegistry'; nested exception is org.springframework.amqp.AmqpIllegalStateException: Fatal exception on listener startup
	at org.springframework.context.support.DefaultLifecycleProcessor.doStart(DefaultLifecycleProcessor.java:185) ~[spring-context-5.1.8.RELEASE.jar:5.1.8.RELEASE]
	at org.springframework.context.support.DefaultLifecycleProcessor.access$200(DefaultLifecycleProcessor.java:53) ~[spring-context-5.1.8.RELEASE.jar:5.1.8.RELEASE]
	at org.springframework.context.support.DefaultLifecycleProcessor$LifecycleGroup.start(DefaultLifecycleProcessor.java:360) ~[spring-context-5.1.8.RELEASE.jar:5.1.8.RELEASE]
	at org.springframework.context.support.DefaultLifecycleProcessor.startBeans(DefaultLifecycleProcessor.java:158) ~[spring-context-5.1.8.RELEASE.jar:5.1.8.RELEASE]
	at org.springframework.context.support.DefaultLifecycleProcessor.onRefresh(DefaultLifecycleProcessor.java:122) ~[spring-context-5.1.8.RELEASE.jar:5.1.8.RELEASE]
	at org.springframework.context.support.AbstractApplicationContext.finishRefresh(AbstractApplicationContext.java:893) ~[spring-context-5.1.8.RELEASE.jar:5.1.8.RELEASE]
	at org.springframework.context.support.AbstractApplicationContext.refresh(AbstractApplicationContext.java:552) ~[spring-context-5.1.8.RELEASE.jar:5.1.8.RELEASE]
	at org.springframework.boot.SpringApplication.refresh(SpringApplication.java:742) ~[spring-boot-2.1.6.RELEASE.jar:2.1.6.RELEASE]
	at org.springframework.boot.SpringApplication.refreshContext(SpringApplication.java:389) ~[spring-boot-2.1.6.RELEASE.jar:2.1.6.RELEASE]
	at org.springframework.boot.SpringApplication.run(SpringApplication.java:311) ~[spring-boot-2.1.6.RELEASE.jar:2.1.6.RELEASE]
	at org.springframework.boot.test.context.SpringBootContextLoader.loadContext(SpringBootContextLoader.java:119) ~[spring-boot-test-2.1.6.RELEASE.jar:2.1.6.RELEASE]
	at org.springframework.test.context.cache.DefaultCacheAwareContextLoaderDelegate.loadContextInternal(DefaultCacheAwareContextLoaderDelegate.java:99) ~[spring-test-5.1.8.RELEASE.jar:5.1.8.RELEASE]
	at org.springframework.test.context.cache.DefaultCacheAwareContextLoaderDelegate.loadContext(DefaultCacheAwareContextLoaderDelegate.java:117) ~[spring-test-5.1.8.RELEASE.jar:5.1.8.RELEASE]
	... 27 common frames omitted
Caused by: org.springframework.amqp.AmqpIllegalStateException: Fatal exception on listener startup
	at org.springframework.amqp.rabbit.listener.SimpleMessageListenerContainer.waitForConsumersToStart(SimpleMessageListenerContainer.java:553) ~[spring-rabbit-2.1.6.RELEASE.jar:2.1.6.RELEASE]
	at org.springframework.amqp.rabbit.listener.SimpleMessageListenerContainer.doStart(SimpleMessageListenerContainer.java:511) ~[spring-rabbit-2.1.6.RELEASE.jar:2.1.6.RELEASE]
	at org.springframework.amqp.rabbit.listener.AbstractMessageListenerContainer.start(AbstractMessageListenerContainer.java:1296) ~[spring-rabbit-2.1.6.RELEASE.jar:2.1.6.RELEASE]
	at org.springframework.amqp.rabbit.listener.RabbitListenerEndpointRegistry.startIfNecessary(RabbitListenerEndpointRegistry.java:294) ~[spring-rabbit-2.1.6.RELEASE.jar:2.1.6.RELEASE]
	at org.springframework.amqp.rabbit.listener.RabbitListenerEndpointRegistry.start(RabbitListenerEndpointRegistry.java:249) ~[spring-rabbit-2.1.6.RELEASE.jar:2.1.6.RELEASE]
	at org.springframework.context.support.DefaultLifecycleProcessor.doStart(DefaultLifecycleProcessor.java:182) ~[spring-context-5.1.8.RELEASE.jar:5.1.8.RELEASE]
	... 39 common frames omitted
Caused by: org.springframework.amqp.rabbit.listener.exception.FatalListenerStartupException: Authentication failure
	at org.springframework.amqp.rabbit.listener.BlockingQueueConsumer.start(BlockingQueueConsumer.java:576) ~[spring-rabbit-2.1.6.RELEASE.jar:2.1.6.RELEASE]
	at org.springframework.amqp.rabbit.listener.SimpleMessageListenerContainer$AsyncMessageProcessingConsumer.initialize(SimpleMessageListenerContainer.java:1196) ~[spring-rabbit-2.1.6.RELEASE.jar:2.1.6.RELEASE]
	at org.springframework.amqp.rabbit.listener.SimpleMessageListenerContainer$AsyncMessageProcessingConsumer.run(SimpleMessageListenerContainer.java:1041) ~[spring-rabbit-2.1.6.RELEASE.jar:2.1.6.RELEASE]
	at java.lang.Thread.run(Thread.java:748) ~[na:1.8.0_201]
Caused by: org.springframework.amqp.AmqpAuthenticationException: com.rabbitmq.client.AuthenticationFailureException: ACCESS_REFUSED - Login was refused using authentication mechanism PLAIN. For details see the broker logfile.
	at org.springframework.amqp.rabbit.support.RabbitExceptionTranslator.convertRabbitAccessException(RabbitExceptionTranslator.java:65) ~[spring-rabbit-2.1.6.RELEASE.jar:2.1.6.RELEASE]
	at org.springframework.amqp.rabbit.connection.AbstractConnectionFactory.createBareConnection(AbstractConnectionFactory.java:509) ~[spring-rabbit-2.1.6.RELEASE.jar:2.1.6.RELEASE]
	at org.springframework.amqp.rabbit.connection.CachingConnectionFactory.createConnection(CachingConnectionFactory.java:700) ~[spring-rabbit-2.1.6.RELEASE.jar:2.1.6.RELEASE]
	at org.springframework.amqp.rabbit.connection.ConnectionFactoryUtils.createConnection(ConnectionFactoryUtils.java:214) ~[spring-rabbit-2.1.6.RELEASE.jar:2.1.6.RELEASE]
	at org.springframework.amqp.rabbit.connection.ConnectionFactoryUtils$RabbitResourceFactory.createConnection(ConnectionFactoryUtils.java:293) ~[spring-rabbit-2.1.6.RELEASE.jar:2.1.6.RELEASE]
	at org.springframework.amqp.rabbit.connection.ConnectionFactoryUtils.doGetTransactionalResourceHolder(ConnectionFactoryUtils.java:131) ~[spring-rabbit-2.1.6.RELEASE.jar:2.1.6.RELEASE]
	at org.springframework.amqp.rabbit.connection.ConnectionFactoryUtils.getTransactionalResourceHolder(ConnectionFactoryUtils.java:93) ~[spring-rabbit-2.1.6.RELEASE.jar:2.1.6.RELEASE]
	at org.springframework.amqp.rabbit.connection.ConnectionFactoryUtils.getTransactionalResourceHolder(ConnectionFactoryUtils.java:76) ~[spring-rabbit-2.1.6.RELEASE.jar:2.1.6.RELEASE]
	at org.springframework.amqp.rabbit.listener.BlockingQueueConsumer.start(BlockingQueueConsumer.java:570) ~[spring-rabbit-2.1.6.RELEASE.jar:2.1.6.RELEASE]
	... 3 common frames omitted
Caused by: com.rabbitmq.client.AuthenticationFailureException: ACCESS_REFUSED - Login was refused using authentication mechanism PLAIN. For details see the broker logfile.
	at com.rabbitmq.client.impl.AMQConnection.start(AMQConnection.java:362) ~[amqp-client-5.4.3.jar:5.4.3]
	at com.rabbitmq.client.ConnectionFactory.newConnection(ConnectionFactory.java:1104) ~[amqp-client-5.4.3.jar:5.4.3]
	at com.rabbitmq.client.ConnectionFactory.newConnection(ConnectionFactory.java:1054) ~[amqp-client-5.4.3.jar:5.4.3]
	at com.rabbitmq.client.ConnectionFactory.newConnection(ConnectionFactory.java:1218) ~[amqp-client-5.4.3.jar:5.4.3]
	at org.springframework.amqp.rabbit.connection.AbstractConnectionFactory.createBareConnection(AbstractConnectionFactory.java:471) ~[spring-rabbit-2.1.6.RELEASE.jar:2.1.6.RELEASE]
	... 10 common frames omitted

]]></system-out>
  </testcase>
  <testcase name="doesThisCourseExist" classname="com.instahipsta.webappTest.service.CourseServiceTest" time="0">
    <error message="Failed to load ApplicationContext" type="java.lang.IllegalStateException">java.lang.IllegalStateException: Failed to load ApplicationContext
Caused by: org.springframework.context.ApplicationContextException: Failed to start bean 'org.springframework.amqp.rabbit.config.internalRabbitListenerEndpointRegistry'; nested exception is org.springframework.amqp.AmqpIllegalStateException: Fatal exception on listener startup
Caused by: org.springframework.amqp.AmqpIllegalStateException: Fatal exception on listener startup
Caused by: org.springframework.amqp.rabbit.listener.exception.FatalListenerStartupException: Authentication failure
Caused by: org.springframework.amqp.AmqpAuthenticationException: com.rabbitmq.client.AuthenticationFailureException: ACCESS_REFUSED - Login was refused using authentication mechanism PLAIN. For details see the broker logfile.
Caused by: com.rabbitmq.client.AuthenticationFailureException: ACCESS_REFUSED - Login was refused using authentication mechanism PLAIN. For details see the broker logfile.
</error>
    <system-out><![CDATA[
  .   ____          _            __ _ _
 /\\ / ___'_ __ _ _(_)_ __  __ _ \ \ \ \
( ( )\___ | '_ | '_| | '_ \/ _` | \ \ \ \
 \\/  ___)| |_)| | | | | || (_| |  ) ) ) )
  '  |____| .__|_| |_|_| |_\__, | / / / /
 =========|_|==============|___/=/_/_/_/
 :: Spring Boot ::        (v2.1.6.RELEASE)

2019-11-24 21:10:24.217  INFO 12524 --- [           main] c.i.w.service.CourseServiceTest          : Starting CourseServiceTest on y520-15-9rg2 with PID 12524 (started by user in D:\Users\user\IdeaProjects\WebappTest)
2019-11-24 21:10:24.218  INFO 12524 --- [           main] c.i.w.service.CourseServiceTest          : The following profiles are active: test
2019-11-24 21:10:24.668  INFO 12524 --- [           main] .s.d.r.c.RepositoryConfigurationDelegate : Bootstrapping Spring Data repositories in DEFAULT mode.
2019-11-24 21:10:24.696  INFO 12524 --- [           main] .s.d.r.c.RepositoryConfigurationDelegate : Finished Spring Data repository scanning in 28ms. Found 3 repository interfaces.
2019-11-24 21:10:24.846  INFO 12524 --- [           main] trationDelegate$BeanPostProcessorChecker : Bean 'org.springframework.transaction.annotation.ProxyTransactionManagementConfiguration' of type [org.springframework.transaction.annotation.ProxyTransactionManagementConfiguration$$EnhancerBySpringCGLIB$$1c798f2d] is not eligible for getting processed by all BeanPostProcessors (for example: not eligible for auto-proxying)
2019-11-24 21:10:24.899  INFO 12524 --- [           main] trationDelegate$BeanPostProcessorChecker : Bean 'org.springframework.security.config.annotation.configuration.ObjectPostProcessorConfiguration' of type [org.springframework.security.config.annotation.configuration.ObjectPostProcessorConfiguration$$EnhancerBySpringCGLIB$$b5275767] is not eligible for getting processed by all BeanPostProcessors (for example: not eligible for auto-proxying)
2019-11-24 21:10:24.909  INFO 12524 --- [           main] trationDelegate$BeanPostProcessorChecker : Bean 'objectPostProcessor' of type [org.springframework.security.config.annotation.configuration.AutowireBeanFactoryObjectPostProcessor] is not eligible for getting processed by all BeanPostProcessors (for example: not eligible for auto-proxying)
2019-11-24 21:10:24.909  INFO 12524 --- [           main] trationDelegate$BeanPostProcessorChecker : Bean 'org.springframework.security.access.expression.method.DefaultMethodSecurityExpressionHandler@58ca6ba3' of type [org.springframework.security.access.expression.method.DefaultMethodSecurityExpressionHandler] is not eligible for getting processed by all BeanPostProcessors (for example: not eligible for auto-proxying)
2019-11-24 21:10:24.922  INFO 12524 --- [           main] trationDelegate$BeanPostProcessorChecker : Bean 'org.springframework.security.config.annotation.method.configuration.GlobalMethodSecurityConfiguration' of type [org.springframework.security.config.annotation.method.configuration.GlobalMethodSecurityConfiguration$$EnhancerBySpringCGLIB$$d9fbfa19] is not eligible for getting processed by all BeanPostProcessors (for example: not eligible for auto-proxying)
2019-11-24 21:10:24.934  INFO 12524 --- [           main] trationDelegate$BeanPostProcessorChecker : Bean 'methodSecurityMetadataSource' of type [org.springframework.security.access.method.DelegatingMethodSecurityMetadataSource] is not eligible for getting processed by all BeanPostProcessors (for example: not eligible for auto-proxying)
2019-11-24 21:10:25.068  INFO 12524 --- [           main] com.zaxxer.hikari.HikariDataSource       : HikariPool-2 - Starting...
2019-11-24 21:10:25.077  INFO 12524 --- [           main] com.zaxxer.hikari.pool.PoolBase          : HikariPool-2 - Driver does not support get/set network timeout for connections. (Метод org.postgresql.jdbc.PgConnection.getNetworkTimeout() ещё не реализован)
2019-11-24 21:10:25.081  INFO 12524 --- [           main] com.zaxxer.hikari.HikariDataSource       : HikariPool-2 - Start completed.
2019-11-24 21:10:25.116  INFO 12524 --- [           main] o.hibernate.jpa.internal.util.LogHelper  : HHH000204: Processing PersistenceUnitInfo [
	name: default
	...]
2019-11-24 21:10:25.131  INFO 12524 --- [           main] org.hibernate.dialect.Dialect            : HHH000400: Using dialect: org.hibernate.dialect.PostgreSQL95Dialect
2019-11-24 21:10:25.132  INFO 12524 --- [           main] o.h.e.j.e.i.LobCreatorBuilderImpl        : HHH000422: Disabling contextual LOB creation as connection was null
2019-11-24 21:10:25.133  INFO 12524 --- [           main] org.hibernate.type.BasicTypeRegistry     : HHH000270: Type registration [java.util.UUID] overrides previous : org.hibernate.type.UUIDBinaryType@4fc165f6
2019-11-24 21:10:27.973  INFO 12524 --- [           main] o.h.t.schema.internal.SchemaCreatorImpl  : HHH000476: Executing import script 'org.hibernate.tool.schema.internal.exec.ScriptSourceInputNonExistentImpl@15e08615'
2019-11-24 21:10:27.974  INFO 12524 --- [           main] j.LocalContainerEntityManagerFactoryBean : Initialized JPA EntityManagerFactory for persistence unit 'default'
2019-11-24 21:10:28.550  INFO 12524 --- [           main] o.s.security.access.SecurityConfig       : Configuring security...
2019-11-24 21:10:28.676  INFO 12524 --- [           main] o.s.s.web.DefaultSecurityFilterChain     : Creating filter chain: any request, [org.springframework.security.web.context.request.async.WebAsyncManagerIntegrationFilter@4b7c0f39, org.springframework.security.web.context.SecurityContextPersistenceFilter@7901a5ab, org.springframework.security.web.header.HeaderWriterFilter@65d2d3cc, org.springframework.security.web.csrf.CsrfFilter@2fc0ad21, org.springframework.security.web.authentication.logout.LogoutFilter@4a7c72af, org.springframework.security.web.authentication.UsernamePasswordAuthenticationFilter@4419cd6e, org.springframework.security.web.savedrequest.RequestCacheAwareFilter@7f9d40b3, org.springframework.security.web.servletapi.SecurityContextHolderAwareRequestFilter@ca2a03f, org.springframework.security.web.authentication.rememberme.RememberMeAuthenticationFilter@3055f310, org.springframework.security.web.authentication.AnonymousAuthenticationFilter@25b402ea, org.springframework.security.web.session.SessionManagementFilter@5382a35f, org.springframework.security.web.access.ExceptionTranslationFilter@639cb0c8, org.springframework.security.web.access.intercept.FilterSecurityInterceptor@78b2d29e]
2019-11-24 21:10:28.962  INFO 12524 --- [           main] o.s.s.concurrent.ThreadPoolTaskExecutor  : Initializing ExecutorService 'applicationTaskExecutor'
2019-11-24 21:10:28.981  WARN 12524 --- [           main] aWebConfiguration$JpaWebMvcConfiguration : spring.jpa.open-in-view is enabled by default. Therefore, database queries may be performed during view rendering. Explicitly configure spring.jpa.open-in-view to disable this warning
2019-11-24 21:10:29.466  INFO 12524 --- [           main] o.s.a.r.c.CachingConnectionFactory       : Attempting to connect to: 127.0.0.1:5672
2019-11-24 21:10:29.472  INFO 12524 --- [           main] o.s.a.r.l.SimpleMessageListenerContainer : Broker not available; cannot force queue declarations during start: com.rabbitmq.client.AuthenticationFailureException: ACCESS_REFUSED - Login was refused using authentication mechanism PLAIN. For details see the broker logfile.
2019-11-24 21:10:29.472 ERROR 12524 --- [ 127.0.0.1:5672] c.r.c.impl.ForgivingExceptionHandler     : An unexpected connection driver error occured

java.net.SocketException: socket closed
	at java.net.SocketInputStream.socketRead0(Native Method) ~[na:1.8.0_201]
	at java.net.SocketInputStream.socketRead(SocketInputStream.java:116) ~[na:1.8.0_201]
	at java.net.SocketInputStream.read(SocketInputStream.java:171) ~[na:1.8.0_201]
	at java.net.SocketInputStream.read(SocketInputStream.java:141) ~[na:1.8.0_201]
	at java.io.BufferedInputStream.fill(BufferedInputStream.java:246) ~[na:1.8.0_201]
	at java.io.BufferedInputStream.read(BufferedInputStream.java:265) ~[na:1.8.0_201]
	at java.io.DataInputStream.readUnsignedByte(DataInputStream.java:288) ~[na:1.8.0_201]
	at com.rabbitmq.client.impl.Frame.readFrom(Frame.java:91) ~[amqp-client-5.4.3.jar:5.4.3]
	at com.rabbitmq.client.impl.SocketFrameHandler.readFrame(SocketFrameHandler.java:164) ~[amqp-client-5.4.3.jar:5.4.3]
	at com.rabbitmq.client.impl.AMQConnection$MainLoop.run(AMQConnection.java:596) ~[amqp-client-5.4.3.jar:5.4.3]
	at java.lang.Thread.run(Thread.java:748) [na:1.8.0_201]

2019-11-24 21:10:29.475  INFO 12524 --- [ntContainer#0-1] o.s.a.r.c.CachingConnectionFactory       : Attempting to connect to: 127.0.0.1:5672
2019-11-24 21:10:29.481 ERROR 12524 --- [ 127.0.0.1:5672] c.r.c.impl.ForgivingExceptionHandler     : An unexpected connection driver error occured

java.net.SocketException: socket closed
	at java.net.SocketInputStream.socketRead0(Native Method) ~[na:1.8.0_201]
	at java.net.SocketInputStream.socketRead(SocketInputStream.java:116) ~[na:1.8.0_201]
	at java.net.SocketInputStream.read(SocketInputStream.java:171) ~[na:1.8.0_201]
	at java.net.SocketInputStream.read(SocketInputStream.java:141) ~[na:1.8.0_201]
	at java.io.BufferedInputStream.fill(BufferedInputStream.java:246) ~[na:1.8.0_201]
	at java.io.BufferedInputStream.read(BufferedInputStream.java:265) ~[na:1.8.0_201]
	at java.io.DataInputStream.readUnsignedByte(DataInputStream.java:288) ~[na:1.8.0_201]
	at com.rabbitmq.client.impl.Frame.readFrom(Frame.java:91) ~[amqp-client-5.4.3.jar:5.4.3]
	at com.rabbitmq.client.impl.SocketFrameHandler.readFrame(SocketFrameHandler.java:164) ~[amqp-client-5.4.3.jar:5.4.3]
	at com.rabbitmq.client.impl.AMQConnection$MainLoop.run(AMQConnection.java:596) ~[amqp-client-5.4.3.jar:5.4.3]
	at java.lang.Thread.run(Thread.java:748) [na:1.8.0_201]

2019-11-24 21:10:29.481 ERROR 12524 --- [ntContainer#0-1] o.s.a.r.l.SimpleMessageListenerContainer : Failed to check/redeclare auto-delete queue(s).

org.springframework.amqp.AmqpAuthenticationException: com.rabbitmq.client.AuthenticationFailureException: ACCESS_REFUSED - Login was refused using authentication mechanism PLAIN. For details see the broker logfile.
	at org.springframework.amqp.rabbit.support.RabbitExceptionTranslator.convertRabbitAccessException(RabbitExceptionTranslator.java:65) ~[spring-rabbit-2.1.6.RELEASE.jar:2.1.6.RELEASE]
	at org.springframework.amqp.rabbit.connection.AbstractConnectionFactory.createBareConnection(AbstractConnectionFactory.java:509) ~[spring-rabbit-2.1.6.RELEASE.jar:2.1.6.RELEASE]
	at org.springframework.amqp.rabbit.connection.CachingConnectionFactory.createConnection(CachingConnectionFactory.java:700) ~[spring-rabbit-2.1.6.RELEASE.jar:2.1.6.RELEASE]
	at org.springframework.amqp.rabbit.connection.ConnectionFactoryUtils.createConnection(ConnectionFactoryUtils.java:214) ~[spring-rabbit-2.1.6.RELEASE.jar:2.1.6.RELEASE]
	at org.springframework.amqp.rabbit.core.RabbitTemplate.doExecute(RabbitTemplate.java:2073) ~[spring-rabbit-2.1.6.RELEASE.jar:2.1.6.RELEASE]
	at org.springframework.amqp.rabbit.core.RabbitTemplate.execute(RabbitTemplate.java:2047) ~[spring-rabbit-2.1.6.RELEASE.jar:2.1.6.RELEASE]
	at org.springframework.amqp.rabbit.core.RabbitTemplate.execute(RabbitTemplate.java:2027) ~[spring-rabbit-2.1.6.RELEASE.jar:2.1.6.RELEASE]
	at org.springframework.amqp.rabbit.core.RabbitAdmin.getQueueProperties(RabbitAdmin.java:403) ~[spring-rabbit-2.1.6.RELEASE.jar:2.1.6.RELEASE]
	at org.springframework.amqp.rabbit.listener.AbstractMessageListenerContainer.attemptDeclarations(AbstractMessageListenerContainer.java:1787) ~[spring-rabbit-2.1.6.RELEASE.jar:2.1.6.RELEASE]
	at org.springframework.amqp.rabbit.listener.AbstractMessageListenerContainer.redeclareElementsIfNecessary(AbstractMessageListenerContainer.java:1768) ~[spring-rabbit-2.1.6.RELEASE.jar:2.1.6.RELEASE]
	at org.springframework.amqp.rabbit.listener.SimpleMessageListenerContainer$AsyncMessageProcessingConsumer.initialize(SimpleMessageListenerContainer.java:1195) [spring-rabbit-2.1.6.RELEASE.jar:2.1.6.RELEASE]
	at org.springframework.amqp.rabbit.listener.SimpleMessageListenerContainer$AsyncMessageProcessingConsumer.run(SimpleMessageListenerContainer.java:1041) [spring-rabbit-2.1.6.RELEASE.jar:2.1.6.RELEASE]
	at java.lang.Thread.run(Thread.java:748) [na:1.8.0_201]
Caused by: com.rabbitmq.client.AuthenticationFailureException: ACCESS_REFUSED - Login was refused using authentication mechanism PLAIN. For details see the broker logfile.
	at com.rabbitmq.client.impl.AMQConnection.start(AMQConnection.java:362) ~[amqp-client-5.4.3.jar:5.4.3]
	at com.rabbitmq.client.ConnectionFactory.newConnection(ConnectionFactory.java:1104) ~[amqp-client-5.4.3.jar:5.4.3]
	at com.rabbitmq.client.ConnectionFactory.newConnection(ConnectionFactory.java:1054) ~[amqp-client-5.4.3.jar:5.4.3]
	at com.rabbitmq.client.ConnectionFactory.newConnection(ConnectionFactory.java:1218) ~[amqp-client-5.4.3.jar:5.4.3]
	at org.springframework.amqp.rabbit.connection.AbstractConnectionFactory.createBareConnection(AbstractConnectionFactory.java:471) ~[spring-rabbit-2.1.6.RELEASE.jar:2.1.6.RELEASE]
	... 11 common frames omitted

2019-11-24 21:10:29.482  INFO 12524 --- [ntContainer#0-1] o.s.a.r.c.CachingConnectionFactory       : Attempting to connect to: 127.0.0.1:5672
2019-11-24 21:10:29.489 ERROR 12524 --- [ntContainer#0-1] o.s.a.r.l.SimpleMessageListenerContainer : Consumer received fatal exception on startup

org.springframework.amqp.rabbit.listener.exception.FatalListenerStartupException: Authentication failure
	at org.springframework.amqp.rabbit.listener.BlockingQueueConsumer.start(BlockingQueueConsumer.java:576) ~[spring-rabbit-2.1.6.RELEASE.jar:2.1.6.RELEASE]
	at org.springframework.amqp.rabbit.listener.SimpleMessageListenerContainer$AsyncMessageProcessingConsumer.initialize(SimpleMessageListenerContainer.java:1196) ~[spring-rabbit-2.1.6.RELEASE.jar:2.1.6.RELEASE]
	at org.springframework.amqp.rabbit.listener.SimpleMessageListenerContainer$AsyncMessageProcessingConsumer.run(SimpleMessageListenerContainer.java:1041) ~[spring-rabbit-2.1.6.RELEASE.jar:2.1.6.RELEASE]
	at java.lang.Thread.run(Thread.java:748) [na:1.8.0_201]
Caused by: org.springframework.amqp.AmqpAuthenticationException: com.rabbitmq.client.AuthenticationFailureException: ACCESS_REFUSED - Login was refused using authentication mechanism PLAIN. For details see the broker logfile.
	at org.springframework.amqp.rabbit.support.RabbitExceptionTranslator.convertRabbitAccessException(RabbitExceptionTranslator.java:65) ~[spring-rabbit-2.1.6.RELEASE.jar:2.1.6.RELEASE]
	at org.springframework.amqp.rabbit.connection.AbstractConnectionFactory.createBareConnection(AbstractConnectionFactory.java:509) ~[spring-rabbit-2.1.6.RELEASE.jar:2.1.6.RELEASE]
	at org.springframework.amqp.rabbit.connection.CachingConnectionFactory.createConnection(CachingConnectionFactory.java:700) ~[spring-rabbit-2.1.6.RELEASE.jar:2.1.6.RELEASE]
	at org.springframework.amqp.rabbit.connection.ConnectionFactoryUtils.createConnection(ConnectionFactoryUtils.java:214) ~[spring-rabbit-2.1.6.RELEASE.jar:2.1.6.RELEASE]
	at org.springframework.amqp.rabbit.connection.ConnectionFactoryUtils$RabbitResourceFactory.createConnection(ConnectionFactoryUtils.java:293) ~[spring-rabbit-2.1.6.RELEASE.jar:2.1.6.RELEASE]
	at org.springframework.amqp.rabbit.connection.ConnectionFactoryUtils.doGetTransactionalResourceHolder(ConnectionFactoryUtils.java:131) ~[spring-rabbit-2.1.6.RELEASE.jar:2.1.6.RELEASE]
	at org.springframework.amqp.rabbit.connection.ConnectionFactoryUtils.getTransactionalResourceHolder(ConnectionFactoryUtils.java:93) ~[spring-rabbit-2.1.6.RELEASE.jar:2.1.6.RELEASE]
	at org.springframework.amqp.rabbit.connection.ConnectionFactoryUtils.getTransactionalResourceHolder(ConnectionFactoryUtils.java:76) ~[spring-rabbit-2.1.6.RELEASE.jar:2.1.6.RELEASE]
	at org.springframework.amqp.rabbit.listener.BlockingQueueConsumer.start(BlockingQueueConsumer.java:570) ~[spring-rabbit-2.1.6.RELEASE.jar:2.1.6.RELEASE]
	... 3 common frames omitted
Caused by: com.rabbitmq.client.AuthenticationFailureException: ACCESS_REFUSED - Login was refused using authentication mechanism PLAIN. For details see the broker logfile.
	at com.rabbitmq.client.impl.AMQConnection.start(AMQConnection.java:362) ~[amqp-client-5.4.3.jar:5.4.3]
	at com.rabbitmq.client.ConnectionFactory.newConnection(ConnectionFactory.java:1104) ~[amqp-client-5.4.3.jar:5.4.3]
	at com.rabbitmq.client.ConnectionFactory.newConnection(ConnectionFactory.java:1054) ~[amqp-client-5.4.3.jar:5.4.3]
	at com.rabbitmq.client.ConnectionFactory.newConnection(ConnectionFactory.java:1218) ~[amqp-client-5.4.3.jar:5.4.3]
	at org.springframework.amqp.rabbit.connection.AbstractConnectionFactory.createBareConnection(AbstractConnectionFactory.java:471) ~[spring-rabbit-2.1.6.RELEASE.jar:2.1.6.RELEASE]
	... 10 common frames omitted

2019-11-24 21:10:29.490 ERROR 12524 --- [ 127.0.0.1:5672] c.r.c.impl.ForgivingExceptionHandler     : An unexpected connection driver error occured

java.net.SocketException: socket closed
	at java.net.SocketInputStream.socketRead0(Native Method) ~[na:1.8.0_201]
	at java.net.SocketInputStream.socketRead(SocketInputStream.java:116) ~[na:1.8.0_201]
	at java.net.SocketInputStream.read(SocketInputStream.java:171) ~[na:1.8.0_201]
	at java.net.SocketInputStream.read(SocketInputStream.java:141) ~[na:1.8.0_201]
	at java.io.BufferedInputStream.fill(BufferedInputStream.java:246) ~[na:1.8.0_201]
	at java.io.BufferedInputStream.read(BufferedInputStream.java:265) ~[na:1.8.0_201]
	at java.io.DataInputStream.readUnsignedByte(DataInputStream.java:288) ~[na:1.8.0_201]
	at com.rabbitmq.client.impl.Frame.readFrom(Frame.java:91) ~[amqp-client-5.4.3.jar:5.4.3]
	at com.rabbitmq.client.impl.SocketFrameHandler.readFrame(SocketFrameHandler.java:164) ~[amqp-client-5.4.3.jar:5.4.3]
	at com.rabbitmq.client.impl.AMQConnection$MainLoop.run(AMQConnection.java:596) ~[amqp-client-5.4.3.jar:5.4.3]
	at java.lang.Thread.run(Thread.java:748) [na:1.8.0_201]

2019-11-24 21:10:29.491  WARN 12524 --- [           main] o.s.w.c.s.GenericWebApplicationContext   : Exception encountered during context initialization - cancelling refresh attempt: org.springframework.context.ApplicationContextException: Failed to start bean 'org.springframework.amqp.rabbit.config.internalRabbitListenerEndpointRegistry'; nested exception is org.springframework.amqp.AmqpIllegalStateException: Fatal exception on listener startup
2019-11-24 21:10:29.491  INFO 12524 --- [           main] o.s.s.concurrent.ThreadPoolTaskExecutor  : Shutting down ExecutorService 'applicationTaskExecutor'
2019-11-24 21:10:29.492  INFO 12524 --- [           main] o.s.a.r.l.SimpleMessageListenerContainer : Waiting for workers to finish.
2019-11-24 21:10:29.492  INFO 12524 --- [           main] o.s.a.r.l.SimpleMessageListenerContainer : Successfully waited for workers to finish.
2019-11-24 21:10:29.492  INFO 12524 --- [           main] o.s.a.r.l.SimpleMessageListenerContainer : Shutdown ignored - container is not active already
2019-11-24 21:10:29.493  INFO 12524 --- [           main] j.LocalContainerEntityManagerFactoryBean : Closing JPA EntityManagerFactory for persistence unit 'default'
2019-11-24 21:10:29.494  INFO 12524 --- [           main] com.zaxxer.hikari.HikariDataSource       : HikariPool-2 - Shutdown initiated...
2019-11-24 21:10:29.499 ERROR 12524 --- [ntContainer#0-1] o.s.a.r.l.SimpleMessageListenerContainer : Stopping container from aborted consumer
2019-11-24 21:10:29.499  INFO 12524 --- [ntContainer#0-1] o.s.a.r.l.SimpleMessageListenerContainer : Shutdown ignored - container is not active already
2019-11-24 21:10:29.507  INFO 12524 --- [           main] com.zaxxer.hikari.HikariDataSource       : HikariPool-2 - Shutdown completed.
2019-11-24 21:10:29.521  INFO 12524 --- [           main] ConditionEvaluationReportLoggingListener : 

Error starting ApplicationContext. To display the conditions report re-run your application with 'debug' enabled.
2019-11-24 21:10:29.523 ERROR 12524 --- [           main] o.s.boot.SpringApplication               : Application run failed

org.springframework.context.ApplicationContextException: Failed to start bean 'org.springframework.amqp.rabbit.config.internalRabbitListenerEndpointRegistry'; nested exception is org.springframework.amqp.AmqpIllegalStateException: Fatal exception on listener startup
	at org.springframework.context.support.DefaultLifecycleProcessor.doStart(DefaultLifecycleProcessor.java:185) ~[spring-context-5.1.8.RELEASE.jar:5.1.8.RELEASE]
	at org.springframework.context.support.DefaultLifecycleProcessor.access$200(DefaultLifecycleProcessor.java:53) ~[spring-context-5.1.8.RELEASE.jar:5.1.8.RELEASE]
	at org.springframework.context.support.DefaultLifecycleProcessor$LifecycleGroup.start(DefaultLifecycleProcessor.java:360) ~[spring-context-5.1.8.RELEASE.jar:5.1.8.RELEASE]
	at org.springframework.context.support.DefaultLifecycleProcessor.startBeans(DefaultLifecycleProcessor.java:158) ~[spring-context-5.1.8.RELEASE.jar:5.1.8.RELEASE]
	at org.springframework.context.support.DefaultLifecycleProcessor.onRefresh(DefaultLifecycleProcessor.java:122) ~[spring-context-5.1.8.RELEASE.jar:5.1.8.RELEASE]
	at org.springframework.context.support.AbstractApplicationContext.finishRefresh(AbstractApplicationContext.java:893) ~[spring-context-5.1.8.RELEASE.jar:5.1.8.RELEASE]
	at org.springframework.context.support.AbstractApplicationContext.refresh(AbstractApplicationContext.java:552) ~[spring-context-5.1.8.RELEASE.jar:5.1.8.RELEASE]
	at org.springframework.boot.SpringApplication.refresh(SpringApplication.java:742) ~[spring-boot-2.1.6.RELEASE.jar:2.1.6.RELEASE]
	at org.springframework.boot.SpringApplication.refreshContext(SpringApplication.java:389) ~[spring-boot-2.1.6.RELEASE.jar:2.1.6.RELEASE]
	at org.springframework.boot.SpringApplication.run(SpringApplication.java:311) ~[spring-boot-2.1.6.RELEASE.jar:2.1.6.RELEASE]
	at org.springframework.boot.test.context.SpringBootContextLoader.loadContext(SpringBootContextLoader.java:119) [spring-boot-test-2.1.6.RELEASE.jar:2.1.6.RELEASE]
	at org.springframework.test.context.cache.DefaultCacheAwareContextLoaderDelegate.loadContextInternal(DefaultCacheAwareContextLoaderDelegate.java:99) [spring-test-5.1.8.RELEASE.jar:5.1.8.RELEASE]
	at org.springframework.test.context.cache.DefaultCacheAwareContextLoaderDelegate.loadContext(DefaultCacheAwareContextLoaderDelegate.java:117) [spring-test-5.1.8.RELEASE.jar:5.1.8.RELEASE]
	at org.springframework.test.context.support.DefaultTestContext.getApplicationContext(DefaultTestContext.java:108) [spring-test-5.1.8.RELEASE.jar:5.1.8.RELEASE]
	at org.springframework.test.context.web.ServletTestExecutionListener.setUpRequestContextIfNecessary(ServletTestExecutionListener.java:190) [spring-test-5.1.8.RELEASE.jar:5.1.8.RELEASE]
	at org.springframework.test.context.web.ServletTestExecutionListener.prepareTestInstance(ServletTestExecutionListener.java:132) [spring-test-5.1.8.RELEASE.jar:5.1.8.RELEASE]
	at org.springframework.test.context.TestContextManager.prepareTestInstance(TestContextManager.java:246) [spring-test-5.1.8.RELEASE.jar:5.1.8.RELEASE]
	at org.springframework.test.context.junit4.SpringJUnit4ClassRunner.createTest(SpringJUnit4ClassRunner.java:227) [spring-test-5.1.8.RELEASE.jar:5.1.8.RELEASE]
	at org.springframework.test.context.junit4.SpringJUnit4ClassRunner$1.runReflectiveCall(SpringJUnit4ClassRunner.java:289) [spring-test-5.1.8.RELEASE.jar:5.1.8.RELEASE]
	at org.junit.internal.runners.model.ReflectiveCallable.run(ReflectiveCallable.java:12) [junit-4.12.jar:4.12]
	at org.springframework.test.context.junit4.SpringJUnit4ClassRunner.methodBlock(SpringJUnit4ClassRunner.java:291) [spring-test-5.1.8.RELEASE.jar:5.1.8.RELEASE]
	at org.springframework.test.context.junit4.SpringJUnit4ClassRunner.runChild(SpringJUnit4ClassRunner.java:246) [spring-test-5.1.8.RELEASE.jar:5.1.8.RELEASE]
	at org.springframework.test.context.junit4.SpringJUnit4ClassRunner.runChild(SpringJUnit4ClassRunner.java:97) [spring-test-5.1.8.RELEASE.jar:5.1.8.RELEASE]
	at org.junit.runners.ParentRunner$3.run(ParentRunner.java:290) [junit-4.12.jar:4.12]
	at org.junit.runners.ParentRunner$1.schedule(ParentRunner.java:71) [junit-4.12.jar:4.12]
	at org.junit.runners.ParentRunner.runChildren(ParentRunner.java:288) [junit-4.12.jar:4.12]
	at org.junit.runners.ParentRunner.access$000(ParentRunner.java:58) [junit-4.12.jar:4.12]
	at org.junit.runners.ParentRunner$2.evaluate(ParentRunner.java:268) [junit-4.12.jar:4.12]
	at org.springframework.test.context.junit4.statements.RunBeforeTestClassCallbacks.evaluate(RunBeforeTestClassCallbacks.java:61) [spring-test-5.1.8.RELEASE.jar:5.1.8.RELEASE]
	at org.springframework.test.context.junit4.statements.RunAfterTestClassCallbacks.evaluate(RunAfterTestClassCallbacks.java:70) [spring-test-5.1.8.RELEASE.jar:5.1.8.RELEASE]
	at org.junit.runners.ParentRunner.run(ParentRunner.java:363) [junit-4.12.jar:4.12]
	at org.springframework.test.context.junit4.SpringJUnit4ClassRunner.run(SpringJUnit4ClassRunner.java:190) [spring-test-5.1.8.RELEASE.jar:5.1.8.RELEASE]
	at org.apache.maven.surefire.junit4.JUnit4Provider.execute(JUnit4Provider.java:365) [surefire-junit4-2.22.2.jar:2.22.2]
	at org.apache.maven.surefire.junit4.JUnit4Provider.executeWithRerun(JUnit4Provider.java:273) [surefire-junit4-2.22.2.jar:2.22.2]
	at org.apache.maven.surefire.junit4.JUnit4Provider.executeTestSet(JUnit4Provider.java:238) [surefire-junit4-2.22.2.jar:2.22.2]
	at org.apache.maven.surefire.junit4.JUnit4Provider.invoke(JUnit4Provider.java:159) [surefire-junit4-2.22.2.jar:2.22.2]
	at org.apache.maven.surefire.booter.ForkedBooter.invokeProviderInSameClassLoader(ForkedBooter.java:384) [surefire-booter-2.22.2.jar:2.22.2]
	at org.apache.maven.surefire.booter.ForkedBooter.runSuitesInProcess(ForkedBooter.java:345) [surefire-booter-2.22.2.jar:2.22.2]
	at org.apache.maven.surefire.booter.ForkedBooter.execute(ForkedBooter.java:126) [surefire-booter-2.22.2.jar:2.22.2]
	at org.apache.maven.surefire.booter.ForkedBooter.main(ForkedBooter.java:418) [surefire-booter-2.22.2.jar:2.22.2]
Caused by: org.springframework.amqp.AmqpIllegalStateException: Fatal exception on listener startup
	at org.springframework.amqp.rabbit.listener.SimpleMessageListenerContainer.waitForConsumersToStart(SimpleMessageListenerContainer.java:553) ~[spring-rabbit-2.1.6.RELEASE.jar:2.1.6.RELEASE]
	at org.springframework.amqp.rabbit.listener.SimpleMessageListenerContainer.doStart(SimpleMessageListenerContainer.java:511) ~[spring-rabbit-2.1.6.RELEASE.jar:2.1.6.RELEASE]
	at org.springframework.amqp.rabbit.listener.AbstractMessageListenerContainer.start(AbstractMessageListenerContainer.java:1296) ~[spring-rabbit-2.1.6.RELEASE.jar:2.1.6.RELEASE]
	at org.springframework.amqp.rabbit.listener.RabbitListenerEndpointRegistry.startIfNecessary(RabbitListenerEndpointRegistry.java:294) ~[spring-rabbit-2.1.6.RELEASE.jar:2.1.6.RELEASE]
	at org.springframework.amqp.rabbit.listener.RabbitListenerEndpointRegistry.start(RabbitListenerEndpointRegistry.java:249) ~[spring-rabbit-2.1.6.RELEASE.jar:2.1.6.RELEASE]
	at org.springframework.context.support.DefaultLifecycleProcessor.doStart(DefaultLifecycleProcessor.java:182) ~[spring-context-5.1.8.RELEASE.jar:5.1.8.RELEASE]
	... 39 common frames omitted
[...]
	at org.springframework.test.context.cache.DefaultCacheAwareContextLoaderDelegate.loadContextInternal(DefaultCacheAwareContextLoaderDelegate.java:99) [spring-test-5.1.8.RELEASE.jar:5.1.8.RELEASE]
	at org.springframework.test.context.cache.DefaultCacheAwareContextLoaderDelegate.loadContext(DefaultCacheAwareContextLoaderDelegate.java:117) [spring-test-5.1.8.RELEASE.jar:5.1.8.RELEASE]
	at org.springframework.test.context.support.DefaultTestContext.getApplicationContext(DefaultTestContext.java:108) [spring-test-5.1.8.RELEASE.jar:5.1.8.RELEASE]
	at org.springframework.test.context.web.ServletTestExecutionListener.setUpRequestContextIfNecessary(ServletTestExecutionListener.java:190) [spring-test-5.1.8.RELEASE.jar:5.1.8.RELEASE]
	at org.springframework.test.context.web.ServletTestExecutionListener.prepareTestInstance(ServletTestExecutionListener.java:132) [spring-test-5.1.8.RELEASE.jar:5.1.8.RELEASE]
	at org.springframework.test.context.TestContextManager.prepareTestInstance(TestContextManager.java:246) [spring-test-5.1.8.RELEASE.jar:5.1.8.RELEASE]
	at org.springframework.test.context.junit4.SpringJUnit4ClassRunner.createTest(SpringJUnit4ClassRunner.java:227) [spring-test-5.1.8.RELEASE.jar:5.1.8.RELEASE]
	at org.springframework.test.context.junit4.SpringJUnit4ClassRunner$1.runReflectiveCall(SpringJUnit4ClassRunner.java:289) [spring-test-5.1.8.RELEASE.jar:5.1.8.RELEASE]
	at org.junit.internal.runners.model.ReflectiveCallable.run(ReflectiveCallable.java:12) [junit-4.12.jar:4.12]
	at org.springframework.test.context.junit4.SpringJUnit4ClassRunner.methodBlock(SpringJUnit4ClassRunner.java:291) [spring-test-5.1.8.RELEASE.jar:5.1.8.RELEASE]
	at org.springframework.test.context.junit4.SpringJUnit4ClassRunner.runChild(SpringJUnit4ClassRunner.java:246) [spring-test-5.1.8.RELEASE.jar:5.1.8.RELEASE]
	at org.springframework.test.context.junit4.SpringJUnit4ClassRunner.runChild(SpringJUnit4ClassRunner.java:97) [spring-test-5.1.8.RELEASE.jar:5.1.8.RELEASE]
	at org.junit.runners.ParentRunner$3.run(ParentRunner.java:290) [junit-4.12.jar:4.12]
	at org.junit.runners.ParentRunner$1.schedule(ParentRunner.java:71) [junit-4.12.jar:4.12]
	at org.junit.runners.ParentRunner.runChildren(ParentRunner.java:288) [junit-4.12.jar:4.12]
	at org.junit.runners.ParentRunner.access$000(ParentRunner.java:58) [junit-4.12.jar:4.12]
	at org.junit.runners.ParentRunner$2.evaluate(ParentRunner.java:268) [junit-4.12.jar:4.12]
	at org.springframework.test.context.junit4.statements.RunBeforeTestClassCallbacks.evaluate(RunBeforeTestClassCallbacks.java:61) [spring-test-5.1.8.RELEASE.jar:5.1.8.RELEASE]
	at org.springframework.test.context.junit4.statements.RunAfterTestClassCallbacks.evaluate(RunAfterTestClassCallbacks.java:70) [spring-test-5.1.8.RELEASE.jar:5.1.8.RELEASE]
	at org.junit.runners.ParentRunner.run(ParentRunner.java:363) [junit-4.12.jar:4.12]
	at org.springframework.test.context.junit4.SpringJUnit4ClassRunner.run(SpringJUnit4ClassRunner.java:190) [spring-test-5.1.8.RELEASE.jar:5.1.8.RELEASE]
	at org.apache.maven.surefire.junit4.JUnit4Provider.execute(JUnit4Provider.java:365) [surefire-junit4-2.22.2.jar:2.22.2]
	at org.apache.maven.surefire.junit4.JUnit4Provider.executeWithRerun(JUnit4Provider.java:273) [surefire-junit4-2.22.2.jar:2.22.2]
	at org.apache.maven.surefire.junit4.JUnit4Provider.executeTestSet(JUnit4Provider.java:238) [surefire-junit4-2.22.2.jar:2.22.2]
	at org.apache.maven.surefire.junit4.JUnit4Provider.invoke(JUnit4Provider.java:159) [surefire-junit4-2.22.2.jar:2.22.2]
	at org.apache.maven.surefire.booter.ForkedBooter.invokeProviderInSameClassLoader(ForkedBooter.java:384) [surefire-booter-2.22.2.jar:2.22.2]
	at org.apache.maven.surefire.booter.ForkedBooter.runSuitesInProcess(ForkedBooter.java:345) [surefire-booter-2.22.2.jar:2.22.2]
	at org.apache.maven.surefire.booter.ForkedBooter.execute(ForkedBooter.java:126) [surefire-booter-2.22.2.jar:2.22.2]
	at org.apache.maven.surefire.booter.ForkedBooter.main(ForkedBooter.java:418) [surefire-booter-2.22.2.jar:2.22.2]
Caused by: org.springframework.amqp.AmqpIllegalStateException: Fatal exception on listener startup
	at org.springframework.amqp.rabbit.listener.SimpleMessageListenerContainer.waitForConsumersToStart(SimpleMessageListenerContainer.java:553) ~[spring-rabbit-2.1.6.RELEASE.jar:2.1.6.RELEASE]
	at org.springframework.amqp.rabbit.listener.SimpleMessageListenerContainer.doStart(SimpleMessageListenerContainer.java:511) ~[spring-rabbit-2.1.6.RELEASE.jar:2.1.6.RELEASE]
	at org.springframework.amqp.rabbit.listener.AbstractMessageListenerContainer.start(AbstractMessageListenerContainer.java:1296) ~[spring-rabbit-2.1.6.RELEASE.jar:2.1.6.RELEASE]
	at org.springframework.amqp.rabbit.listener.RabbitListenerEndpointRegistry.startIfNecessary(RabbitListenerEndpointRegistry.java:294) ~[spring-rabbit-2.1.6.RELEASE.jar:2.1.6.RELEASE]
	at org.springframework.amqp.rabbit.listener.RabbitListenerEndpointRegistry.start(RabbitListenerEndpointRegistry.java:249) ~[spring-rabbit-2.1.6.RELEASE.jar:2.1.6.RELEASE]
	at org.springframework.context.support.DefaultLifecycleProcessor.doStart(DefaultLifecycleProcessor.java:182) ~[spring-context-5.1.8.RELEASE.jar:5.1.8.RELEASE]
	... 39 common frames omitted
Caused by: org.springframework.amqp.rabbit.listener.exception.FatalListenerStartupException: Authentication failure
	at org.springframework.amqp.rabbit.listener.BlockingQueueConsumer.start(BlockingQueueConsumer.java:576) ~[spring-rabbit-2.1.6.RELEASE.jar:2.1.6.RELEASE]
	at org.springframework.amqp.rabbit.listener.SimpleMessageListenerContainer$AsyncMessageProcessingConsumer.initialize(SimpleMessageListenerContainer.java:1196) ~[spring-rabbit-2.1.6.RELEASE.jar:2.1.6.RELEASE]
	at org.springframework.amqp.rabbit.listener.SimpleMessageListenerContainer$AsyncMessageProcessingConsumer.run(SimpleMessageListenerContainer.java:1041) ~[spring-rabbit-2.1.6.RELEASE.jar:2.1.6.RELEASE]
	at java.lang.Thread.run(Thread.java:748) ~[na:1.8.0_201]
Caused by: org.springframework.amqp.AmqpAuthenticationException: com.rabbitmq.client.AuthenticationFailureException: ACCESS_REFUSED - Login was refused using authentication mechanism PLAIN. For details see the broker logfile.
	at org.springframework.amqp.rabbit.support.RabbitExceptionTranslator.convertRabbitAccessException(RabbitExceptionTranslator.java:65) ~[spring-rabbit-2.1.6.RELEASE.jar:2.1.6.RELEASE]
	at org.springframework.amqp.rabbit.connection.AbstractConnectionFactory.createBareConnection(AbstractConnectionFactory.java:509) ~[spring-rabbit-2.1.6.RELEASE.jar:2.1.6.RELEASE]
	at org.springframework.amqp.rabbit.connection.CachingConnectionFactory.createConnection(CachingConnectionFactory.java:700) ~[spring-rabbit-2.1.6.RELEASE.jar:2.1.6.RELEASE]
	at org.springframework.amqp.rabbit.connection.ConnectionFactoryUtils.createConnection(ConnectionFactoryUtils.java:214) ~[spring-rabbit-2.1.6.RELEASE.jar:2.1.6.RELEASE]
	at org.springframework.amqp.rabbit.connection.ConnectionFactoryUtils$RabbitResourceFactory.createConnection(ConnectionFactoryUtils.java:293) ~[spring-rabbit-2.1.6.RELEASE.jar:2.1.6.RELEASE]
	at org.springframework.amqp.rabbit.connection.ConnectionFactoryUtils.doGetTransactionalResourceHolder(ConnectionFactoryUtils.java:131) ~[spring-rabbit-2.1.6.RELEASE.jar:2.1.6.RELEASE]
	at org.springframework.amqp.rabbit.connection.ConnectionFactoryUtils.getTransactionalResourceHolder(ConnectionFactoryUtils.java:93) ~[spring-rabbit-2.1.6.RELEASE.jar:2.1.6.RELEASE]
	at org.springframework.amqp.rabbit.connection.ConnectionFactoryUtils.getTransactionalResourceHolder(ConnectionFactoryUtils.java:76) ~[spring-rabbit-2.1.6.RELEASE.jar:2.1.6.RELEASE]
	at org.springframework.amqp.rabbit.listener.BlockingQueueConsumer.start(BlockingQueueConsumer.java:570) ~[spring-rabbit-2.1.6.RELEASE.jar:2.1.6.RELEASE]
	... 3 common frames omitted
Caused by: com.rabbitmq.client.AuthenticationFailureException: ACCESS_REFUSED - Login was refused using authentication mechanism PLAIN. For details see the broker logfile.
	at com.rabbitmq.client.impl.AMQConnection.start(AMQConnection.java:362) ~[amqp-client-5.4.3.jar:5.4.3]
	at com.rabbitmq.client.ConnectionFactory.newConnection(ConnectionFactory.java:1104) ~[amqp-client-5.4.3.jar:5.4.3]
	at com.rabbitmq.client.ConnectionFactory.newConnection(ConnectionFactory.java:1054) ~[amqp-client-5.4.3.jar:5.4.3]
	at com.rabbitmq.client.ConnectionFactory.newConnection(ConnectionFactory.java:1218) ~[amqp-client-5.4.3.jar:5.4.3]
	at org.springframework.amqp.rabbit.connection.AbstractConnectionFactory.createBareConnection(AbstractConnectionFactory.java:471) ~[spring-rabbit-2.1.6.RELEASE.jar:2.1.6.RELEASE]
	... 10 common frames omitted

2019-11-24 21:12:25.104 ERROR 12524 --- [           main] o.s.test.context.TestContextManager      : Caught exception while allowing TestExecutionListener [org.springframework.test.context.web.ServletTestExecutionListener@434a63ab] to prepare test instance [com.instahipsta.webappTest.service.CourseServiceTest@b36d3d0]

java.lang.IllegalStateException: Failed to load ApplicationContext
	at org.springframework.test.context.cache.DefaultCacheAwareContextLoaderDelegate.loadContext(DefaultCacheAwareContextLoaderDelegate.java:125) ~[spring-test-5.1.8.RELEASE.jar:5.1.8.RELEASE]
	at org.springframework.test.context.support.DefaultTestContext.getApplicationContext(DefaultTestContext.java:108) ~[spring-test-5.1.8.RELEASE.jar:5.1.8.RELEASE]
	at org.springframework.test.context.web.ServletTestExecutionListener.setUpRequestContextIfNecessary(ServletTestExecutionListener.java:190) ~[spring-test-5.1.8.RELEASE.jar:5.1.8.RELEASE]
	at org.springframework.test.context.web.ServletTestExecutionListener.prepareTestInstance(ServletTestExecutionListener.java:132) ~[spring-test-5.1.8.RELEASE.jar:5.1.8.RELEASE]
	at org.springframework.test.context.TestContextManager.prepareTestInstance(TestContextManager.java:246) ~[spring-test-5.1.8.RELEASE.jar:5.1.8.RELEASE]
	at org.springframework.test.context.junit4.SpringJUnit4ClassRunner.createTest(SpringJUnit4ClassRunner.java:227) [spring-test-5.1.8.RELEASE.jar:5.1.8.RELEASE]
	at org.springframework.test.context.junit4.SpringJUnit4ClassRunner$1.runReflectiveCall(SpringJUnit4ClassRunner.java:289) [spring-test-5.1.8.RELEASE.jar:5.1.8.RELEASE]
	at org.junit.internal.runners.model.ReflectiveCallable.run(ReflectiveCallable.java:12) [junit-4.12.jar:4.12]
	at org.springframework.test.context.junit4.SpringJUnit4ClassRunner.methodBlock(SpringJUnit4ClassRunner.java:291) [spring-test-5.1.8.RELEASE.jar:5.1.8.RELEASE]
	at org.springframework.test.context.junit4.SpringJUnit4ClassRunner.runChild(SpringJUnit4ClassRunner.java:246) [spring-test-5.1.8.RELEASE.jar:5.1.8.RELEASE]
	at org.springframework.test.context.junit4.SpringJUnit4ClassRunner.runChild(SpringJUnit4ClassRunner.java:97) [spring-test-5.1.8.RELEASE.jar:5.1.8.RELEASE]
	at org.junit.runners.ParentRunner$3.run(ParentRunner.java:290) [junit-4.12.jar:4.12]
	at org.junit.runners.ParentRunner$1.schedule(ParentRunner.java:71) [junit-4.12.jar:4.12]
	at org.junit.runners.ParentRunner.runChildren(ParentRunner.java:288) [junit-4.12.jar:4.12]
	at org.junit.runners.ParentRunner.access$000(ParentRunner.java:58) [junit-4.12.jar:4.12]
	at org.junit.runners.ParentRunner$2.evaluate(ParentRunner.java:268) [junit-4.12.jar:4.12]
	at org.springframework.test.context.junit4.statements.RunBeforeTestClassCallbacks.evaluate(RunBeforeTestClassCallbacks.java:61) [spring-test-5.1.8.RELEASE.jar:5.1.8.RELEASE]
	at org.springframework.test.context.junit4.statements.RunAfterTestClassCallbacks.evaluate(RunAfterTestClassCallbacks.java:70) [spring-test-5.1.8.RELEASE.jar:5.1.8.RELEASE]
	at org.junit.runners.ParentRunner.run(ParentRunner.java:363) [junit-4.12.jar:4.12]
	at org.springframework.test.context.junit4.SpringJUnit4ClassRunner.run(SpringJUnit4ClassRunner.java:190) [spring-test-5.1.8.RELEASE.jar:5.1.8.RELEASE]
	at org.apache.maven.surefire.junit4.JUnit4Provider.execute(JUnit4Provider.java:365) [surefire-junit4-2.22.2.jar:2.22.2]
	at org.apache.maven.surefire.junit4.JUnit4Provider.executeWithRerun(JUnit4Provider.java:273) [surefire-junit4-2.22.2.jar:2.22.2]
	at org.apache.maven.surefire.junit4.JUnit4Provider.executeTestSet(JUnit4Provider.java:238) [surefire-junit4-2.22.2.jar:2.22.2]
	at org.apache.maven.surefire.junit4.JUnit4Provider.invoke(JUnit4Provider.java:159) [surefire-junit4-2.22.2.jar:2.22.2]
	at org.apache.maven.surefire.booter.ForkedBooter.invokeProviderInSameClassLoader(ForkedBooter.java:384) [surefire-booter-2.22.2.jar:2.22.2]
	at org.apache.maven.surefire.booter.ForkedBooter.runSuitesInProcess(ForkedBooter.java:345) [surefire-booter-2.22.2.jar:2.22.2]
	at org.apache.maven.surefire.booter.ForkedBooter.execute(ForkedBooter.java:126) [surefire-booter-2.22.2.jar:2.22.2]
	at org.apache.maven.surefire.booter.ForkedBooter.main(ForkedBooter.java:418) [surefire-booter-2.22.2.jar:2.22.2]
Caused by: org.springframework.context.ApplicationContextException: Failed to start bean 'org.springframework.amqp.rabbit.config.internalRabbitListenerEndpointRegistry'; nested exception is org.springframework.amqp.AmqpIllegalStateException: Fatal exception on listener startup
	at org.springframework.context.support.DefaultLifecycleProcessor.doStart(DefaultLifecycleProcessor.java:185) ~[spring-context-5.1.8.RELEASE.jar:5.1.8.RELEASE]
	at org.springframework.context.support.DefaultLifecycleProcessor.access$200(DefaultLifecycleProcessor.java:53) ~[spring-context-5.1.8.RELEASE.jar:5.1.8.RELEASE]
	at org.springframework.context.support.DefaultLifecycleProcessor$LifecycleGroup.start(DefaultLifecycleProcessor.java:360) ~[spring-context-5.1.8.RELEASE.jar:5.1.8.RELEASE]
	at org.springframework.context.support.DefaultLifecycleProcessor.startBeans(DefaultLifecycleProcessor.java:158) ~[spring-context-5.1.8.RELEASE.jar:5.1.8.RELEASE]
	at org.springframework.context.support.DefaultLifecycleProcessor.onRefresh(DefaultLifecycleProcessor.java:122) ~[spring-context-5.1.8.RELEASE.jar:5.1.8.RELEASE]
	at org.springframework.context.support.AbstractApplicationContext.finishRefresh(AbstractApplicationContext.java:893) ~[spring-context-5.1.8.RELEASE.jar:5.1.8.RELEASE]
	at org.springframework.context.support.AbstractApplicationContext.refresh(AbstractApplicationContext.java:552) ~[spring-context-5.1.8.RELEASE.jar:5.1.8.RELEASE]
	at org.springframework.boot.SpringApplication.refresh(SpringApplication.java:742) ~[spring-boot-2.1.6.RELEASE.jar:2.1.6.RELEASE]
	at org.springframework.boot.SpringApplication.refreshContext(SpringApplication.java:389) ~[spring-boot-2.1.6.RELEASE.jar:2.1.6.RELEASE]
	at org.springframework.boot.SpringApplication.run(SpringApplication.java:311) ~[spring-boot-2.1.6.RELEASE.jar:2.1.6.RELEASE]
	at org.springframework.boot.test.context.SpringBootContextLoader.loadContext(SpringBootContextLoader.java:119) ~[spring-boot-test-2.1.6.RELEASE.jar:2.1.6.RELEASE]
	at org.springframework.test.context.cache.DefaultCacheAwareContextLoaderDelegate.loadContextInternal(DefaultCacheAwareContextLoaderDelegate.java:99) ~[spring-test-5.1.8.RELEASE.jar:5.1.8.RELEASE]
	at org.springframework.test.context.cache.DefaultCacheAwareContextLoaderDelegate.loadContext(DefaultCacheAwareContextLoaderDelegate.java:117) ~[spring-test-5.1.8.RELEASE.jar:5.1.8.RELEASE]
	... 27 common frames omitted
Caused by: org.springframework.amqp.AmqpIllegalStateException: Fatal exception on listener startup
	at org.springframework.amqp.rabbit.listener.SimpleMessageListenerContainer.waitForConsumersToStart(SimpleMessageListenerContainer.java:553) ~[spring-rabbit-2.1.6.RELEASE.jar:2.1.6.RELEASE]
	at org.springframework.amqp.rabbit.listener.SimpleMessageListenerContainer.doStart(SimpleMessageListenerContainer.java:511) ~[spring-rabbit-2.1.6.RELEASE.jar:2.1.6.RELEASE]
	at org.springframework.amqp.rabbit.listener.AbstractMessageListenerContainer.start(AbstractMessageListenerContainer.java:1296) ~[spring-rabbit-2.1.6.RELEASE.jar:2.1.6.RELEASE]
	at org.springframework.amqp.rabbit.listener.RabbitListenerEndpointRegistry.startIfNecessary(RabbitListenerEndpointRegistry.java:294) ~[spring-rabbit-2.1.6.RELEASE.jar:2.1.6.RELEASE]
	at org.springframework.amqp.rabbit.listener.RabbitListenerEndpointRegistry.start(RabbitListenerEndpointRegistry.java:249) ~[spring-rabbit-2.1.6.RELEASE.jar:2.1.6.RELEASE]
	at org.springframework.context.support.DefaultLifecycleProcessor.doStart(DefaultLifecycleProcessor.java:182) ~[spring-context-5.1.8.RELEASE.jar:5.1.8.RELEASE]
	... 39 common frames omitted
Caused by: org.springframework.amqp.rabbit.listener.exception.FatalListenerStartupException: Authentication failure
	at org.springframework.amqp.rabbit.listener.BlockingQueueConsumer.start(BlockingQueueConsumer.java:576) ~[spring-rabbit-2.1.6.RELEASE.jar:2.1.6.RELEASE]
	at org.springframework.amqp.rabbit.listener.SimpleMessageListenerContainer$AsyncMessageProcessingConsumer.initialize(SimpleMessageListenerContainer.java:1196) ~[spring-rabbit-2.1.6.RELEASE.jar:2.1.6.RELEASE]
	at org.springframework.amqp.rabbit.listener.SimpleMessageListenerContainer$AsyncMessageProcessingConsumer.run(SimpleMessageListenerContainer.java:1041) ~[spring-rabbit-2.1.6.RELEASE.jar:2.1.6.RELEASE]
	at java.lang.Thread.run(Thread.java:748) ~[na:1.8.0_201]
Caused by: org.springframework.amqp.AmqpAuthenticationException: com.rabbitmq.client.AuthenticationFailureException: ACCESS_REFUSED - Login was refused using authentication mechanism PLAIN. For details see the broker logfile.
	at org.springframework.amqp.rabbit.support.RabbitExceptionTranslator.convertRabbitAccessException(RabbitExceptionTranslator.java:65) ~[spring-rabbit-2.1.6.RELEASE.jar:2.1.6.RELEASE]
	at org.springframework.amqp.rabbit.connection.AbstractConnectionFactory.createBareConnection(AbstractConnectionFactory.java:509) ~[spring-rabbit-2.1.6.RELEASE.jar:2.1.6.RELEASE]
	at org.springframework.amqp.rabbit.connection.CachingConnectionFactory.createConnection(CachingConnectionFactory.java:700) ~[spring-rabbit-2.1.6.RELEASE.jar:2.1.6.RELEASE]
	at org.springframework.amqp.rabbit.connection.ConnectionFactoryUtils.createConnection(ConnectionFactoryUtils.java:214) ~[spring-rabbit-2.1.6.RELEASE.jar:2.1.6.RELEASE]
	at org.springframework.amqp.rabbit.connection.ConnectionFactoryUtils$RabbitResourceFactory.createConnection(ConnectionFactoryUtils.java:293) ~[spring-rabbit-2.1.6.RELEASE.jar:2.1.6.RELEASE]
	at org.springframework.amqp.rabbit.connection.ConnectionFactoryUtils.doGetTransactionalResourceHolder(ConnectionFactoryUtils.java:131) ~[spring-rabbit-2.1.6.RELEASE.jar:2.1.6.RELEASE]
	at org.springframework.amqp.rabbit.connection.ConnectionFactoryUtils.getTransactionalResourceHolder(ConnectionFactoryUtils.java:93) ~[spring-rabbit-2.1.6.RELEASE.jar:2.1.6.RELEASE]
	at org.springframework.amqp.rabbit.connection.ConnectionFactoryUtils.getTransactionalResourceHolder(ConnectionFactoryUtils.java:76) ~[spring-rabbit-2.1.6.RELEASE.jar:2.1.6.RELEASE]
	at org.springframework.amqp.rabbit.listener.BlockingQueueConsumer.start(BlockingQueueConsumer.java:570) ~[spring-rabbit-2.1.6.RELEASE.jar:2.1.6.RELEASE]
	... 3 common frames omitted
Caused by: com.rabbitmq.client.AuthenticationFailureException: ACCESS_REFUSED - Login was refused using authentication mechanism PLAIN. For details see the broker logfile.
	at com.rabbitmq.client.impl.AMQConnection.start(AMQConnection.java:362) ~[amqp-client-5.4.3.jar:5.4.3]
	at com.rabbitmq.client.ConnectionFactory.newConnection(ConnectionFactory.java:1104) ~[amqp-client-5.4.3.jar:5.4.3]
	at com.rabbitmq.client.ConnectionFactory.newConnection(ConnectionFactory.java:1054) ~[amqp-client-5.4.3.jar:5.4.3]
	at com.rabbitmq.client.ConnectionFactory.newConnection(ConnectionFactory.java:1218) ~[amqp-client-5.4.3.jar:5.4.3]
	at org.springframework.amqp.rabbit.connection.AbstractConnectionFactory.createBareConnection(AbstractConnectionFactory.java:471) ~[spring-rabbit-2.1.6.RELEASE.jar:2.1.6.RELEASE]
	... 10 common frames omitted

]]></system-out>
  </testcase>
</testsuite>